The pair SCBTC increases by 10.000000000000009% the last 15 seconds. (2021-02-07T09:58:22.958Z) (0.00000022)
The pair BCPTBTC increases by 12.5% the last 15 seconds. (2021-02-07T19:00:10.055Z) (0.00000063)
The pair BCPTBTC increases by 12.5% the last 15 seconds. (2021-02-07T19:00:10.255Z) (0.00000063)
The pair BCPTBTC increases by 10.714285714285698% the last 15 seconds. (2021-02-07T19:00:10.456Z) (0.00000062)
The pair BCPTBTC increases by 12.5% the last 15 seconds. (2021-02-07T19:00:10.856Z) (0.00000063)
The pair BCPTBTC increases by 12.5% the last 15 seconds. (2021-02-07T19:00:11.058Z) (0.00000063)
The pair BCPTBTC increases by 12.5% the last 15 seconds. (2021-02-07T19:00:11.255Z) (0.00000063)
The pair BCPTBTC increases by 12.5% the last 15 seconds. (2021-02-07T19:00:11.456Z) (0.00000063)
The pair BCPTBTC increases by 12.5% the last 15 seconds. (2021-02-07T19:00:11.657Z) (0.00000063)
The pair BCPTBTC increases by 12.5% the last 15 seconds. (2021-02-07T19:00:11.909Z) (0.00000063)
The pair BCPTBTC increases by 12.5% the last 15 seconds. (2021-02-07T19:00:12.459Z) (0.00000063)
The pair BCPTBTC increases by 12.5% the last 15 seconds. (2021-02-07T19:00:12.660Z) (0.00000063)
The pair BCPTBTC increases by 12.5% the last 15 seconds. (2021-02-07T19:00:13.059Z) (0.00000063)
The pair BCPTBTC increases by 12.5% the last 15 seconds. (2021-02-07T19:00:13.461Z) (0.00000063)
The pair BCPTBTC increases by 10.714285714285698% the last 15 seconds. (2021-02-07T19:00:13.661Z) (0.00000062)
The pair BCPTBTC increases by 12.5% the last 15 seconds. (2021-02-07T19:00:13.862Z) (0.00000063)
The pair BCPTBTC increases by 12.5% the last 15 seconds. (2021-02-07T19:00:14.061Z) (0.00000063)
The pair BCPTBTC increases by 12.5% the last 15 seconds. (2021-02-07T19:00:14.261Z) (0.00000063)
The pair BCPTBTC increases by 12.5% the last 15 seconds. (2021-02-07T19:00:14.460Z) (0.00000063)
The pair BCPTBTC increases by 12.5% the last 15 seconds. (2021-02-07T19:00:14.662Z) (0.00000063)
The pair BCPTBTC increases by 12.5% the last 15 seconds. (2021-02-07T19:00:14.861Z) (0.00000063)
The pair BCPTBTC increases by 12.5% the last 15 seconds. (2021-02-07T19:00:15.061Z) (0.00000063)
The pair BCPTBTC increases by 14.28571428571428% the last 15 seconds. (2021-02-07T19:00:15.463Z) (0.00000064)
The pair BCPTBTC increases by 14.28571428571428% the last 15 seconds. (2021-02-07T19:00:15.662Z) (0.00000064)
The pair BCPTBTC increases by 14.28571428571428% the last 15 seconds. (2021-02-07T19:00:15.863Z) (0.00000064)
The pair BCPTBTC increases by 14.28571428571428% the last 15 seconds. (2021-02-07T19:00:16.063Z) (0.00000064)
The pair BCPTBTC increases by 14.28571428571428% the last 15 seconds. (2021-02-07T19:00:16.262Z) (0.00000064)
The pair BCPTBTC increases by 14.28571428571428% the last 15 seconds. (2021-02-07T19:00:16.468Z) (0.00000064)
The pair BCPTBTC increases by 14.28571428571428% the last 15 seconds. (2021-02-07T19:00:16.676Z) (0.00000064)
The pair BCPTBTC increases by 14.28571428571428% the last 15 seconds. (2021-02-07T19:00:16.863Z) (0.00000064)
The pair BCPTBTC increases by 14.28571428571428% the last 15 seconds. (2021-02-07T19:00:17.064Z) (0.00000064)
The pair BCPTBTC increases by 14.28571428571428% the last 15 seconds. (2021-02-07T19:00:17.263Z) (0.00000064)
The pair BCPTBTC increases by 14.28571428571428% the last 15 seconds. (2021-02-07T19:00:17.464Z) (0.00000064)
The pair BCPTBTC increases by 12.068965517241391% the last 15 seconds. (2021-02-07T19:00:17.665Z) (0.00000065)
The pair BCPTBTC increases by 15.789473684210531% the last 15 seconds. (2021-02-07T19:00:20.667Z) (0.00000066)
The pair BCPTBTC increases by 17.24137931034482% the last 15 seconds. (2021-02-07T19:00:22.071Z) (0.00000068)
The pair BCPTBTC increases by 21.052631578947345% the last 15 seconds. (2021-02-07T19:00:22.271Z) (0.00000069)
The pair BCPTBTC increases by 13.114754098360649% the last 15 seconds. (2021-02-07T19:00:22.872Z) (0.00000069)
The pair BCPTBTC increases by 11.111111111111116% the last 15 seconds. (2021-02-07T19:00:23.073Z) (0.00000070)
The pair BCPTBTC increases by 11.86440677966103% the last 15 seconds. (2021-02-07T19:00:23.273Z) (0.00000066)
The pair BCPTBTC increases by 11.111111111111116% the last 15 seconds. (2021-02-07T19:00:23.473Z) (0.00000070)
The pair BCPTBTC increases by 11.111111111111116% the last 15 seconds. (2021-02-07T19:00:24.674Z) (0.00000070)
The pair BCPTBTC increases by 11.111111111111116% the last 15 seconds. (2021-02-07T19:00:24.874Z) (0.00000070)
The pair BCPTBTC increases by 11.111111111111116% the last 15 seconds. (2021-02-07T19:00:25.074Z) (0.00000070)
The pair BCPTBTC increases by 14.754098360655732% the last 15 seconds. (2021-02-07T19:00:25.274Z) (0.00000070)
The pair BCPTBTC increases by 11.764705882352944% the last 15 seconds. (2021-02-07T19:00:33.881Z) (0.00000076)
The pair BCPTBTC increases by 11.764705882352944% the last 15 seconds. (2021-02-07T19:00:34.484Z) (0.00000076)
The pair BCPTBTC increases by 10.000000000000009% the last 15 seconds. (2021-02-07T19:00:35.084Z) (0.00000077)
The pair BCPTBTC increases by 10.000000000000009% the last 15 seconds. (2021-02-07T19:00:35.285Z) (0.00000077)
The pair BCPTBTC increases by 10.000000000000009% the last 15 seconds. (2021-02-07T19:00:35.491Z) (0.00000077)
The pair BCPTBTC increases by 10.000000000000009% the last 15 seconds. (2021-02-07T19:00:35.686Z) (0.00000077)
The pair BCPTBTC increases by 10.000000000000009% the last 15 seconds. (2021-02-07T19:00:35.886Z) (0.00000077)
The pair BCPTBTC increases by 13.432835820895516% the last 15 seconds. (2021-02-07T19:00:36.089Z) (0.00000076)
The pair BCPTBTC increases by 10.000000000000009% the last 15 seconds. (2021-02-07T19:00:36.286Z) (0.00000077)
The pair BCPTBTC increases by 11.594202898550732% the last 15 seconds. (2021-02-07T19:00:36.886Z) (0.00000077)
The pair BCPTBTC increases by 11.594202898550732% the last 15 seconds. (2021-02-07T19:00:37.500Z) (0.00000077)
The pair BCPTBTC increases by 14.925373134328357% the last 15 seconds. (2021-02-07T19:00:37.686Z) (0.00000077)
The pair BCPTBTC increases by 11.594202898550732% the last 15 seconds. (2021-02-07T19:00:37.885Z) (0.00000077)
The pair BCPTBTC increases by 11.594202898550732% the last 15 seconds. (2021-02-07T19:00:38.085Z) (0.00000077)
The pair BCPTBTC increases by 10.144927536231885% the last 15 seconds. (2021-02-07T19:00:38.287Z) (0.00000076)
The pair BCPTBTC increases by 13.23529411764708% the last 15 seconds. (2021-02-07T19:00:39.287Z) (0.00000077)
The pair BCPTBTC increases by 11.594202898550732% the last 15 seconds. (2021-02-07T19:00:40.090Z) (0.00000077)
The pair BCPTBTC increases by 10.000000000000009% the last 15 seconds. (2021-02-07T19:00:40.289Z) (0.00000077)
The pair BCPTBTC increases by 10.000000000000009% the last 15 seconds. (2021-02-07T19:00:40.692Z) (0.00000077)
The pair BCPTBTC increases by 10.000000000000009% the last 15 seconds. (2021-02-07T19:00:40.891Z) (0.00000077)
The pair BCPTBTC increases by 15.94202898550725% the last 15 seconds. (2021-02-07T19:00:41.094Z) (0.00000080)
The pair BCPTBTC increases by 12.676056338028175% the last 15 seconds. (2021-02-07T19:00:41.292Z) (0.00000080)
The pair BCPTBTC increases by 11.267605633802823% the last 15 seconds. (2021-02-07T19:00:41.493Z) (0.00000079)
The pair BCPTBTC increases by 14.28571428571428% the last 15 seconds. (2021-02-07T19:00:41.692Z) (0.00000080)
The pair BCPTBTC increases by 14.28571428571428% the last 15 seconds. (2021-02-07T19:00:41.893Z) (0.00000080)
The pair BCPTBTC increases by 12.857142857142856% the last 15 seconds. (2021-02-07T19:00:42.092Z) (0.00000079)
The pair BCPTBTC increases by 12.676056338028175% the last 15 seconds. (2021-02-07T19:00:42.292Z) (0.00000080)
The pair BCPTBTC increases by 12.676056338028175% the last 15 seconds. (2021-02-07T19:00:42.492Z) (0.00000080)
The pair BCPTBTC increases by 12.676056338028175% the last 15 seconds. (2021-02-07T19:00:42.691Z) (0.00000080)
The pair BCPTBTC increases by 12.676056338028175% the last 15 seconds. (2021-02-07T19:00:43.093Z) (0.00000080)
The pair BCPTBTC increases by 14.28571428571428% the last 15 seconds. (2021-02-07T19:00:43.293Z) (0.00000080)
The pair BCPTBTC increases by 14.084507042253524% the last 15 seconds. (2021-02-07T19:00:43.693Z) (0.00000081)
The pair BCPTBTC increases by 10.95890410958904% the last 15 seconds. (2021-02-07T19:00:44.094Z) (0.00000081)
The pair BCPTBTC increases by 10.95890410958904% the last 15 seconds. (2021-02-07T19:00:44.295Z) (0.00000081)
The pair BCPTBTC increases by 10.526315789473673% the last 15 seconds. (2021-02-07T19:00:48.500Z) (0.00000084)
The pair BCPTBTC increases by 11.99999999999999% the last 15 seconds. (2021-02-07T19:00:48.905Z) (0.00000084)
The pair BCPTBTC increases by 10.526315789473673% the last 15 seconds. (2021-02-07T19:00:49.703Z) (0.00000084)
The pair BCPTBTC increases by 11.428571428571432% the last 15 seconds. (2021-02-07T19:01:39.775Z) (0.00000078)
The pair BCPTBTC increases by 23.611111111111114% the last 15 seconds. (2021-02-07T19:01:39.975Z) (0.00000089)
The pair BCPTBTC increases by 14.28571428571428% the last 15 seconds. (2021-02-07T19:01:40.788Z) (0.00000080)
The pair BCPTBTC increases by 19.718309859154925% the last 15 seconds. (2021-02-07T19:01:40.978Z) (0.00000085)
The pair BCPTBTC increases by 19.718309859154925% the last 15 seconds. (2021-02-07T19:01:41.179Z) (0.00000085)
The pair BCPTBTC increases by 19.718309859154925% the last 15 seconds. (2021-02-07T19:01:41.378Z) (0.00000085)
The pair BCPTBTC increases by 21.126760563380298% the last 15 seconds. (2021-02-07T19:01:41.579Z) (0.00000086)
The pair BCPTBTC increases by 14.084507042253524% the last 15 seconds. (2021-02-07T19:01:41.785Z) (0.00000081)
The pair BCPTBTC increases by 14.084507042253524% the last 15 seconds. (2021-02-07T19:01:41.980Z) (0.00000081)
The pair BCPTBTC increases by 21.126760563380298% the last 15 seconds. (2021-02-07T19:01:42.181Z) (0.00000086)
The pair BCPTBTC increases by 21.126760563380298% the last 15 seconds. (2021-02-07T19:01:42.381Z) (0.00000086)
The pair BCPTBTC increases by 14.864864864864868% the last 15 seconds. (2021-02-07T19:01:42.781Z) (0.00000085)
The pair BCPTBTC increases by 14.864864864864868% the last 15 seconds. (2021-02-07T19:01:42.979Z) (0.00000085)
The pair BCPTBTC increases by 12.5% the last 15 seconds. (2021-02-07T19:01:43.181Z) (0.00000081)
The pair BCPTBTC increases by 19.444444444444443% the last 15 seconds. (2021-02-07T19:01:43.382Z) (0.00000086)
The pair BCPTBTC increases by 19.444444444444443% the last 15 seconds. (2021-02-07T19:01:43.583Z) (0.00000086)
The pair BCPTBTC increases by 16.216216216216228% the last 15 seconds. (2021-02-07T19:01:43.783Z) (0.00000086)
The pair BCPTBTC increases by 17.808219178082197% the last 15 seconds. (2021-02-07T19:01:43.983Z) (0.00000086)
The pair BCPTBTC increases by 14.666666666666671% the last 15 seconds. (2021-02-07T19:01:44.184Z) (0.00000086)
The pair BCPTBTC increases by 17.105263157894733% the last 15 seconds. (2021-02-07T19:01:44.584Z) (0.00000089)
The pair BCPTBTC increases by 18.666666666666654% the last 15 seconds. (2021-02-07T19:01:44.784Z) (0.00000089)
The pair BCPTBTC increases by 15.584415584415567% the last 15 seconds. (2021-02-07T19:01:44.984Z) (0.00000089)
The pair BCPTBTC increases by 13.33333333333333% the last 15 seconds. (2021-02-07T19:01:45.185Z) (0.00000085)
The pair BCPTBTC increases by 13.33333333333333% the last 15 seconds. (2021-02-07T19:01:45.386Z) (0.00000085)
The pair BCPTBTC increases by 13.33333333333333% the last 15 seconds. (2021-02-07T19:01:45.586Z) (0.00000085)
The pair BCPTBTC increases by 17.105263157894733% the last 15 seconds. (2021-02-07T19:01:45.987Z) (0.00000089)
The pair BCPTBTC increases by 17.105263157894733% the last 15 seconds. (2021-02-07T19:01:46.187Z) (0.00000089)
The pair BCPTBTC increases by 17.105263157894733% the last 15 seconds. (2021-02-07T19:01:46.388Z) (0.00000089)
The pair BCPTBTC increases by 14.666666666666671% the last 15 seconds. (2021-02-07T19:01:46.589Z) (0.00000086)
The pair BCPTBTC increases by 13.157894736842103% the last 15 seconds. (2021-02-07T19:01:46.793Z) (0.00000086)
The pair BCPTBTC increases by 13.157894736842103% the last 15 seconds. (2021-02-07T19:01:46.991Z) (0.00000086)
The pair BCPTBTC increases by 15.789473684210531% the last 15 seconds. (2021-02-07T19:01:47.191Z) (0.00000088)
The pair BCPTBTC increases by 15.789473684210531% the last 15 seconds. (2021-02-07T19:01:47.391Z) (0.00000088)
The pair BCPTBTC increases by 14.666666666666671% the last 15 seconds. (2021-02-07T19:01:47.593Z) (0.00000086)
The pair BCPTBTC increases by 14.666666666666671% the last 15 seconds. (2021-02-07T19:01:47.793Z) (0.00000086)
The pair BCPTBTC increases by 15.999999999999993% the last 15 seconds. (2021-02-07T19:01:47.995Z) (0.00000087)
The pair BCPTBTC increases by 15.999999999999993% the last 15 seconds. (2021-02-07T19:01:48.194Z) (0.00000087)
The pair BCPTBTC increases by 11.99999999999999% the last 15 seconds. (2021-02-07T19:01:48.393Z) (0.00000084)
The pair BCPTBTC increases by 11.99999999999999% the last 15 seconds. (2021-02-07T19:01:48.593Z) (0.00000084)
The pair BCPTBTC increases by 15.999999999999993% the last 15 seconds. (2021-02-07T19:01:48.793Z) (0.00000087)
The pair BCPTBTC increases by 15.999999999999993% the last 15 seconds. (2021-02-07T19:01:48.995Z) (0.00000087)
The pair BCPTBTC increases by 13.157894736842103% the last 15 seconds. (2021-02-07T19:01:49.193Z) (0.00000086)
The pair BCPTBTC increases by 10.256410256410241% the last 15 seconds. (2021-02-07T19:01:49.394Z) (0.00000086)
The pair BCPTBTC increases by 11.538461538461542% the last 15 seconds. (2021-02-07T19:01:49.594Z) (0.00000087)
The pair BCPTBTC increases by 13.58024691358024% the last 15 seconds. (2021-02-07T19:01:51.798Z) (0.00000092)
The pair BCPTBTC increases by 22.36842105263157% the last 15 seconds. (2021-02-07T19:02:03.610Z) (0.00000093)
The pair BCPTBTC increases by 17.948717948717928% the last 15 seconds. (2021-02-07T19:02:04.011Z) (0.00000092)
The pair BCPTBTC increases by 13.157894736842103% the last 15 seconds. (2021-02-07T19:02:05.614Z) (0.00000086)
The pair BCPTBTC increases by 10.256410256410241% the last 15 seconds. (2021-02-07T19:02:05.815Z) (0.00000086)
The pair BCPTBTC increases by 13.157894736842103% the last 15 seconds. (2021-02-07T19:02:06.015Z) (0.00000086)
The pair BCPTBTC increases by 11.842105263157897% the last 15 seconds. (2021-02-07T19:02:06.216Z) (0.00000085)
The pair BCPTBTC increases by 14.666666666666671% the last 15 seconds. (2021-02-07T19:02:06.416Z) (0.00000086)
The pair BCPTBTC increases by 13.33333333333333% the last 15 seconds. (2021-02-07T19:02:06.617Z) (0.00000085)
The pair BCPTBTC increases by 13.33333333333333% the last 15 seconds. (2021-02-07T19:02:06.817Z) (0.00000085)
The pair BCPTBTC increases by 13.157894736842103% the last 15 seconds. (2021-02-07T19:02:07.017Z) (0.00000086)
The pair BCPTBTC increases by 13.157894736842103% the last 15 seconds. (2021-02-07T19:02:07.217Z) (0.00000086)
The pair BCPTBTC increases by 13.33333333333333% the last 15 seconds. (2021-02-07T19:02:07.418Z) (0.00000085)
The pair BCPTBTC increases by 16.216216216216228% the last 15 seconds. (2021-02-07T19:02:07.618Z) (0.00000086)
The pair BCPTBTC increases by 13.33333333333333% the last 15 seconds. (2021-02-07T19:02:07.819Z) (0.00000085)
The pair BCPTBTC increases by 14.864864864864868% the last 15 seconds. (2021-02-07T19:02:08.019Z) (0.00000085)
The pair BCPTBTC increases by 10.81081081081081% the last 15 seconds. (2021-02-07T19:02:08.420Z) (0.00000082)
The pair BCPTBTC increases by 13.513513513513509% the last 15 seconds. (2021-02-07T19:02:08.620Z) (0.00000084)
The pair BCPTBTC increases by 13.513513513513509% the last 15 seconds. (2021-02-07T19:02:08.820Z) (0.00000084)
The pair BCPTBTC increases by 13.513513513513509% the last 15 seconds. (2021-02-07T19:02:09.021Z) (0.00000084)
The pair BCPTBTC increases by 13.513513513513509% the last 15 seconds. (2021-02-07T19:02:09.220Z) (0.00000084)
The pair BCPTBTC increases by 13.513513513513509% the last 15 seconds. (2021-02-07T19:02:09.419Z) (0.00000084)
The pair BCPTBTC increases by 13.513513513513509% the last 15 seconds. (2021-02-07T19:02:09.620Z) (0.00000084)
The pair BCPTBTC increases by 13.513513513513509% the last 15 seconds. (2021-02-07T19:02:09.821Z) (0.00000084)
The pair BCPTBTC increases by 12.328767123287676% the last 15 seconds. (2021-02-07T19:02:10.021Z) (0.00000082)
The pair BCPTBTC increases by 13.513513513513509% the last 15 seconds. (2021-02-07T19:02:10.223Z) (0.00000084)
The pair BCPTBTC increases by 12.162162162162149% the last 15 seconds. (2021-02-07T19:02:10.423Z) (0.00000083)
The pair BCPTBTC increases by 10.526315789473673% the last 15 seconds. (2021-02-07T19:02:10.822Z) (0.00000084)
The pair BCPTBTC increases by 10.526315789473673% the last 15 seconds. (2021-02-07T19:02:11.223Z) (0.00000084)
The pair BCPTBTC increases by 10.526315789473673% the last 15 seconds. (2021-02-07T19:02:11.422Z) (0.00000084)
The pair BCPTBTC increases by 12.328767123287676% the last 15 seconds. (2021-02-07T19:03:04.508Z) (0.00000082)
The pair BCPTBTC increases by 10.000000000000009% the last 15 seconds. (2021-02-07T19:07:30.497Z) (0.00000088)
The pair BCPTBTC increases by 15.000000000000014% the last 15 seconds. (2021-02-07T19:07:30.696Z) (0.00000092)
The pair BCPTBTC increases by 13.58024691358024% the last 15 seconds. (2021-02-07T19:07:30.896Z) (0.00000092)
The pair BCPTBTC increases by 13.58024691358024% the last 15 seconds. (2021-02-07T19:07:31.109Z) (0.00000092)
The pair BCPTBTC increases by 12.5% the last 15 seconds. (2021-02-07T19:07:32.100Z) (0.00000090)
The pair BCPTBTC increases by 11.111111111111116% the last 15 seconds. (2021-02-07T19:07:32.902Z) (0.00000090)
The pair BCPTBTC increases by 10.000000000000009% the last 15 seconds. (2021-02-07T19:07:46.329Z) (0.00000088)
The pair BCPTBTC increases by 12.5% the last 15 seconds. (2021-02-07T19:07:46.529Z) (0.00000090)
The pair OGBTC increases by 10.341643582640803% the last 15 seconds. (2021-02-07T20:00:14.605Z) (0.00011950)
The pair OGBTC increases by 10.341643582640803% the last 15 seconds. (2021-02-07T20:00:16.006Z) (0.00011950)
The pair OGBTC increases by 11.726685133887349% the last 15 seconds. (2021-02-07T20:00:16.205Z) (0.00012100)
The pair OGBTC increases by 13.942751615881788% the last 15 seconds. (2021-02-07T20:00:16.607Z) (0.00012340)
The pair OGBTC increases by 14.958448753462594% the last 15 seconds. (2021-02-07T20:00:16.807Z) (0.00012450)
The pair OGBTC increases by 14.866112650046158% the last 15 seconds. (2021-02-07T20:00:17.009Z) (0.00012440)
The pair OGBTC increases by 12.263300270513966% the last 15 seconds. (2021-02-07T20:00:17.409Z) (0.00012450)
The pair OGBTC increases by 13.321167883211693% the last 15 seconds. (2021-02-07T20:00:17.611Z) (0.00012420)
The pair OGBTC increases by 10.088495575221224% the last 15 seconds. (2021-02-07T20:00:20.012Z) (0.00012440)
The pair NASBTC increases by 10.377358490566024% the last 15 seconds. (2021-02-07T20:57:35.597Z) (0.00001170)
The pair NASBTC increases by 17.9245283018868% the last 15 seconds. (2021-02-07T20:57:37.200Z) (0.00001250)
The pair NASBTC increases by 19.811320754716988% the last 15 seconds. (2021-02-07T20:57:37.809Z) (0.00001270)
The pair NASBTC increases by 41.50943396226414% the last 15 seconds. (2021-02-07T20:57:38.000Z) (0.00001500)
The pair NASBTC increases by 19.811320754716988% the last 15 seconds. (2021-02-07T20:57:38.202Z) (0.00001270)
The pair NASBTC increases by 50.94339622641508% the last 15 seconds. (2021-02-07T20:57:38.402Z) (0.00001600)
The pair NASBTC increases by 56.60377358490567% the last 15 seconds. (2021-02-07T20:57:38.603Z) (0.00001660)
The pair NASBTC increases by 48.11320754716979% the last 15 seconds. (2021-02-07T20:57:38.812Z) (0.00001570)
The pair NASBTC increases by 57.54716981132076% the last 15 seconds. (2021-02-07T20:57:39.002Z) (0.00001670)
The pair NASBTC increases by 32.0754716981132% the last 15 seconds. (2021-02-07T20:57:39.204Z) (0.00001400)
The pair NASBTC increases by 57.54716981132076% the last 15 seconds. (2021-02-07T20:57:39.404Z) (0.00001670)
The pair NASBTC increases by 34.905660377358494% the last 15 seconds. (2021-02-07T20:57:39.603Z) (0.00001430)
The pair NASBTC increases by 35.849056603773576% the last 15 seconds. (2021-02-07T20:57:39.803Z) (0.00001440)
The pair NASBTC increases by 34.905660377358494% the last 15 seconds. (2021-02-07T20:57:40.004Z) (0.00001430)
The pair NASBTC increases by 36.79245283018868% the last 15 seconds. (2021-02-07T20:57:40.205Z) (0.00001450)
The pair NASBTC increases by 60.377358490566024% the last 15 seconds. (2021-02-07T20:57:40.407Z) (0.00001700)
The pair NASBTC increases by 50.94339622641508% the last 15 seconds. (2021-02-07T20:57:40.605Z) (0.00001600)
The pair NASBTC increases by 60.377358490566024% the last 15 seconds. (2021-02-07T20:57:40.805Z) (0.00001700)
The pair NASBTC increases by 55.660377358490564% the last 15 seconds. (2021-02-07T20:57:41.007Z) (0.00001650)
The pair NASBTC increases by 55.660377358490564% the last 15 seconds. (2021-02-07T20:57:41.204Z) (0.00001650)
The pair NASBTC increases by 51.886792452830164% the last 15 seconds. (2021-02-07T20:57:41.405Z) (0.00001610)
The pair NASBTC increases by 55.660377358490564% the last 15 seconds. (2021-02-07T20:57:41.605Z) (0.00001650)
The pair NASBTC increases by 44.339622641509436% the last 15 seconds. (2021-02-07T20:57:41.806Z) (0.00001530)
The pair NASBTC increases by 44.339622641509436% the last 15 seconds. (2021-02-07T20:57:42.005Z) (0.00001530)
The pair NASBTC increases by 45.28301886792454% the last 15 seconds. (2021-02-07T20:57:42.206Z) (0.00001540)
The pair NASBTC increases by 56.60377358490567% the last 15 seconds. (2021-02-07T20:57:42.406Z) (0.00001660)
The pair NASBTC increases by 53.77358490566038% the last 15 seconds. (2021-02-07T20:57:42.607Z) (0.00001630)
The pair NASBTC increases by 49.05660377358492% the last 15 seconds. (2021-02-07T20:57:42.808Z) (0.00001580)
The pair NASBTC increases by 48.11320754716979% the last 15 seconds. (2021-02-07T20:57:43.007Z) (0.00001570)
The pair NASBTC increases by 60.377358490566024% the last 15 seconds. (2021-02-07T20:57:43.210Z) (0.00001700)
The pair NASBTC increases by 66.03773584905662% the last 15 seconds. (2021-02-07T20:57:43.407Z) (0.00001760)
The pair NASBTC increases by 50.94339622641508% the last 15 seconds. (2021-02-07T20:57:43.607Z) (0.00001600)
The pair NASBTC increases by 66.03773584905662% the last 15 seconds. (2021-02-07T20:57:43.807Z) (0.00001760)
The pair NASBTC increases by 58.09523809523811% the last 15 seconds. (2021-02-07T20:57:44.007Z) (0.00001660)
The pair NASBTC increases by 52.38095238095237% the last 15 seconds. (2021-02-07T20:57:44.207Z) (0.00001600)
The pair NASBTC increases by 65.42056074766356% the last 15 seconds. (2021-02-07T20:57:44.407Z) (0.00001770)
The pair NASBTC increases by 48.64864864864866% the last 15 seconds. (2021-02-07T20:57:44.608Z) (0.00001650)
The pair NASBTC increases by 65.42056074766356% the last 15 seconds. (2021-02-07T20:57:44.808Z) (0.00001770)
The pair NASBTC increases by 65.42056074766356% the last 15 seconds. (2021-02-07T20:57:45.008Z) (0.00001770)
The pair NASBTC increases by 61.68224299065421% the last 15 seconds. (2021-02-07T20:57:45.209Z) (0.00001730)
The pair NASBTC increases by 63.30275229357796% the last 15 seconds. (2021-02-07T20:57:45.410Z) (0.00001780)
The pair NASBTC increases by 52.13675213675213% the last 15 seconds. (2021-02-07T20:57:45.610Z) (0.00001780)
The pair NASBTC increases by 67.92452830188678% the last 15 seconds. (2021-02-07T20:57:45.810Z) (0.00001780)
The pair NASBTC increases by 63.30275229357796% the last 15 seconds. (2021-02-07T20:57:46.010Z) (0.00001780)
The pair NASBTC increases by 57.79816513761469% the last 15 seconds. (2021-02-07T20:57:46.211Z) (0.00001720)
The pair NASBTC increases by 59.45945945945945% the last 15 seconds. (2021-02-07T20:57:46.412Z) (0.00001770)
The pair NASBTC increases by 60.360360360360346% the last 15 seconds. (2021-02-07T20:57:46.612Z) (0.00001780)
The pair NASBTC increases by 51.32743362831857% the last 15 seconds. (2021-02-07T20:57:46.813Z) (0.00001710)
The pair NASBTC increases by 54.38596491228071% the last 15 seconds. (2021-02-07T20:57:47.014Z) (0.00001760)
The pair NASBTC increases by 36.79999999999999% the last 15 seconds. (2021-02-07T20:57:47.215Z) (0.00001710)
The pair NASBTC increases by 52.678571428571416% the last 15 seconds. (2021-02-07T20:57:47.414Z) (0.00001710)
The pair NASBTC increases by 53.448275862068954% the last 15 seconds. (2021-02-07T20:57:47.614Z) (0.00001780)
The pair NASBTC increases by 39.370078740157474% the last 15 seconds. (2021-02-07T20:57:47.814Z) (0.00001770)
The pair NASBTC increases by 17.999999999999993% the last 15 seconds. (2021-02-07T20:57:48.015Z) (0.00001770)
The pair NASBTC increases by 40.15748031496062% the last 15 seconds. (2021-02-07T20:57:48.215Z) (0.00001780)
The pair NASBTC increases by 12.101910828025497% the last 15 seconds. (2021-02-07T20:57:48.815Z) (0.00001760)
The pair NASBTC increases by 19.999999999999996% the last 15 seconds. (2021-02-07T20:57:49.215Z) (0.00001680)
The pair NASBTC increases by 21.678321678321666% the last 15 seconds. (2021-02-07T20:57:49.616Z) (0.00001740)
The pair NASBTC increases by 13.194444444444443% the last 15 seconds. (2021-02-07T20:57:49.816Z) (0.00001630)
The pair NASBTC increases by 16.78321678321677% the last 15 seconds. (2021-02-07T20:57:50.016Z) (0.00001670)
The pair NASBTC increases by 15.862068965517228% the last 15 seconds. (2021-02-07T20:57:50.216Z) (0.00001680)
The pair NASBTC increases by 15.909090909090896% the last 15 seconds. (2021-02-07T20:58:00.840Z) (0.00001530)
The pair NASBTC increases by 13.194444444444443% the last 15 seconds. (2021-02-07T20:58:01.037Z) (0.00001630)
The pair NASBTC increases by 11.111111111111116% the last 15 seconds. (2021-02-07T20:58:01.638Z) (0.00001600)
The pair NASBTC increases by 10.416666666666675% the last 15 seconds. (2021-02-07T20:58:08.647Z) (0.00001590)
The pair NASBTC increases by 10.81081081081079% the last 15 seconds. (2021-02-07T20:58:12.652Z) (0.00001640)
The pair NASBTC increases by 10.81081081081079% the last 15 seconds. (2021-02-07T20:58:12.853Z) (0.00001640)
The pair NASBTC increases by 10.81081081081079% the last 15 seconds. (2021-02-07T20:58:13.053Z) (0.00001640)
The pair NASBTC increases by 11.206896551724132% the last 15 seconds. (2021-02-07T20:59:15.750Z) (0.00001290)
The pair NASBTC increases by 11.206896551724132% the last 15 seconds. (2021-02-07T20:59:15.948Z) (0.00001290)
The pair NASBTC increases by 10.526315789473696% the last 15 seconds. (2021-02-07T20:59:16.549Z) (0.00001260)
The pair CKBBTC increases by 10.526315789473673% the last 15 seconds. (2021-02-07T21:57:58.183Z) (0.00000021)
The pair CKBBTC increases by 10.526315789473673% the last 15 seconds. (2021-02-07T21:57:58.385Z) (0.00000021)
The pair CKBBTC increases by 10.526315789473673% the last 15 seconds. (2021-02-07T21:57:58.585Z) (0.00000021)
The pair CKBBTC increases by 10.526315789473673% the last 15 seconds. (2021-02-07T21:57:58.785Z) (0.00000021)
The pair CKBBTC increases by 10.526315789473673% the last 15 seconds. (2021-02-07T21:57:58.985Z) (0.00000021)
The pair CKBBTC increases by 10.526315789473673% the last 15 seconds. (2021-02-07T21:57:59.185Z) (0.00000021)
The pair CKBBTC increases by 10.526315789473673% the last 15 seconds. (2021-02-07T21:57:59.393Z) (0.00000021)
The pair CKBBTC increases by 10.526315789473673% the last 15 seconds. (2021-02-07T21:57:59.585Z) (0.00000021)
The pair CKBBTC increases by 10.526315789473673% the last 15 seconds. (2021-02-07T21:57:59.785Z) (0.00000021)
The pair CKBBTC increases by 10.526315789473673% the last 15 seconds. (2021-02-07T21:57:59.984Z) (0.00000021)
The pair CKBBTC increases by 10.526315789473673% the last 15 seconds. (2021-02-07T21:58:00.187Z) (0.00000021)
The pair CKBBTC increases by 10.526315789473673% the last 15 seconds. (2021-02-07T21:58:00.386Z) (0.00000021)
The pair CKBBTC increases by 10.526315789473673% the last 15 seconds. (2021-02-07T21:58:00.585Z) (0.00000021)
The pair CKBBTC increases by 10.526315789473673% the last 15 seconds. (2021-02-07T21:58:00.785Z) (0.00000021)
The pair CKBBTC increases by 10.526315789473673% the last 15 seconds. (2021-02-07T21:58:00.991Z) (0.00000021)
The pair CKBBTC increases by 10.526315789473673% the last 15 seconds. (2021-02-07T21:58:01.186Z) (0.00000021)
The pair CKBBTC increases by 10.526315789473673% the last 15 seconds. (2021-02-07T21:58:01.386Z) (0.00000021)
The pair CKBBTC increases by 10.526315789473673% the last 15 seconds. (2021-02-07T21:58:01.586Z) (0.00000021)
The pair CKBBTC increases by 10.526315789473673% the last 15 seconds. (2021-02-07T21:58:01.787Z) (0.00000021)
The pair CKBBTC increases by 10.526315789473673% the last 15 seconds. (2021-02-07T21:58:02.031Z) (0.00000021)
The pair CKBBTC increases by 10.526315789473673% the last 15 seconds. (2021-02-07T21:58:02.186Z) (0.00000021)
The pair CKBBTC increases by 10.526315789473673% the last 15 seconds. (2021-02-07T21:58:02.387Z) (0.00000021)
The pair CKBBTC increases by 10.526315789473673% the last 15 seconds. (2021-02-07T21:58:02.586Z) (0.00000021)
The pair CKBBTC increases by 10.526315789473673% the last 15 seconds. (2021-02-07T21:58:02.787Z) (0.00000021)
The pair CKBBTC increases by 10.526315789473673% the last 15 seconds. (2021-02-07T21:58:02.988Z) (0.00000021)
The pair CKBBTC increases by 10.526315789473673% the last 15 seconds. (2021-02-07T21:58:03.188Z) (0.00000021)
The pair CKBBTC increases by 10.526315789473673% the last 15 seconds. (2021-02-07T21:58:03.400Z) (0.00000021)
The pair CKBBTC increases by 10.526315789473673% the last 15 seconds. (2021-02-07T21:58:03.589Z) (0.00000021)
The pair CKBBTC increases by 10.526315789473673% the last 15 seconds. (2021-02-07T21:58:03.790Z) (0.00000021)
The pair CKBBTC increases by 10.526315789473673% the last 15 seconds. (2021-02-07T21:58:03.991Z) (0.00000021)
The pair CKBBTC increases by 10.526315789473673% the last 15 seconds. (2021-02-07T21:58:04.190Z) (0.00000021)
The pair CKBBTC increases by 10.526315789473673% the last 15 seconds. (2021-02-07T21:58:04.391Z) (0.00000021)
The pair CKBBTC increases by 10.526315789473673% the last 15 seconds. (2021-02-07T21:58:04.591Z) (0.00000021)
The pair CKBBTC increases by 10.526315789473673% the last 15 seconds. (2021-02-07T21:58:04.790Z) (0.00000021)
The pair CKBBTC increases by 10.526315789473673% the last 15 seconds. (2021-02-07T21:58:04.997Z) (0.00000021)
The pair CKBBTC increases by 10.526315789473673% the last 15 seconds. (2021-02-07T21:58:05.192Z) (0.00000021)
The pair CKBBTC increases by 10.526315789473673% the last 15 seconds. (2021-02-07T21:58:05.394Z) (0.00000021)
The pair CKBBTC increases by 10.526315789473673% the last 15 seconds. (2021-02-07T21:58:05.594Z) (0.00000021)
The pair CKBBTC increases by 10.526315789473673% the last 15 seconds. (2021-02-07T21:58:05.795Z) (0.00000021)
The pair CKBBTC increases by 10.526315789473673% the last 15 seconds. (2021-02-07T21:58:05.994Z) (0.00000021)
The pair CKBBTC increases by 10.526315789473673% the last 15 seconds. (2021-02-07T21:58:06.194Z) (0.00000021)
The pair CKBBTC increases by 10.526315789473673% the last 15 seconds. (2021-02-07T21:58:06.397Z) (0.00000021)
The pair CKBBTC increases by 10.526315789473673% the last 15 seconds. (2021-02-07T21:58:06.595Z) (0.00000021)
The pair CKBBTC increases by 10.526315789473673% the last 15 seconds. (2021-02-07T21:58:06.796Z) (0.00000021)
The pair CKBBTC increases by 10.526315789473673% the last 15 seconds. (2021-02-07T21:58:06.997Z) (0.00000021)
The pair CKBBTC increases by 10.526315789473673% the last 15 seconds. (2021-02-07T21:58:07.196Z) (0.00000021)
The pair CKBBTC increases by 10.526315789473673% the last 15 seconds. (2021-02-07T21:58:07.397Z) (0.00000021)
The pair SFPBTC increases by 828.90625% the last 15 seconds. (2021-02-08T13:00:10.078Z) (0.00002378)
The pair SFPBTC increases by 746.2450592885375% the last 15 seconds. (2021-02-08T13:00:10.279Z) (0.00002141)
The pair SFPBTC increases by 60.347551342811975% the last 15 seconds. (2021-02-08T13:00:10.479Z) (0.00002030)
The pair SFPBTC increases by 33.6405529953917% the last 15 seconds. (2021-02-08T13:00:10.680Z) (0.00002030)
The pair SFPBTC increases by 20.65462753950338% the last 15 seconds. (2021-02-08T13:00:10.881Z) (0.00002138)
The pair SFPBTC increases by 14.503386004514685% the last 15 seconds. (2021-02-08T13:00:11.080Z) (0.00002029)
The pair SFPBTC increases by 35.83521444695261% the last 15 seconds. (2021-02-08T13:00:11.288Z) (0.00002407)
The pair SFPBTC increases by 26.75092153765142% the last 15 seconds. (2021-02-08T13:00:11.480Z) (0.00002407)
The pair SFPBTC increases by 10.210622710622719% the last 15 seconds. (2021-02-08T13:00:11.684Z) (0.00002407)
The pair SFPBTC increases by 77.50737463126845% the last 15 seconds. (2021-02-08T13:00:11.881Z) (0.00002407)
The pair SFPBTC increases by 49.41002949852506% the last 15 seconds. (2021-02-08T13:00:12.119Z) (0.00002026)
The pair SFPBTC increases by 19.63157894736842% the last 15 seconds. (2021-02-08T13:00:12.294Z) (0.00002273)
The pair SFPBTC increases by 19.48393891521856% the last 15 seconds. (2021-02-08T13:00:12.481Z) (0.00002269)
The pair SFPBTC increases by 21.741854636591462% the last 15 seconds. (2021-02-08T13:00:13.282Z) (0.00001943)
The pair SFPBTC increases by 36.13505747126435% the last 15 seconds. (2021-02-08T13:00:23.100Z) (0.00001895)
The pair SFPBTC increases by 17.18991250643336% the last 15 seconds. (2021-02-08T13:00:23.299Z) (0.00002277)
The pair SFPBTC increases by 17.29284611425632% the last 15 seconds. (2021-02-08T13:00:23.503Z) (0.00002279)
The pair SFPBTC increases by 16.872224962999493% the last 15 seconds. (2021-02-08T13:00:24.106Z) (0.00002369)
The pair SFPBTC increases by 13.061797752809001% the last 15 seconds. (2021-02-08T13:00:26.710Z) (0.00002415)
The pair SFPBTC increases by 12.921348314606739% the last 15 seconds. (2021-02-08T13:00:26.911Z) (0.00002412)
The pair SFPBTC increases by 24.29378531073445% the last 15 seconds. (2021-02-08T13:00:27.720Z) (0.00002420)
The pair SFPBTC increases by 11.169652265542673% the last 15 seconds. (2021-02-08T13:00:28.111Z) (0.00002110)
The pair SFPBTC increases by 35.76115485564304% the last 15 seconds. (2021-02-08T13:00:28.311Z) (0.00002069)
The pair SFPBTC increases by 56.927117531188465% the last 15 seconds. (2021-02-08T13:00:28.914Z) (0.00002390)
The pair SFPBTC increases by 22.063329928498487% the last 15 seconds. (2021-02-08T13:00:29.114Z) (0.00002390)
The pair SFPBTC increases by 21.381411884205193% the last 15 seconds. (2021-02-08T13:00:29.314Z) (0.00002390)
The pair SFPBTC increases by 21.577464788732392% the last 15 seconds. (2021-02-08T13:00:29.513Z) (0.00002158)
The pair SFPBTC increases by 21.577464788732392% the last 15 seconds. (2021-02-08T13:00:29.719Z) (0.00002158)
The pair SFPBTC increases by 21.577464788732392% the last 15 seconds. (2021-02-08T13:00:29.914Z) (0.00002158)
The pair SFPBTC increases by 21.577464788732392% the last 15 seconds. (2021-02-08T13:00:30.166Z) (0.00002158)
The pair SFPBTC increases by 16.3014430785676% the last 15 seconds. (2021-02-08T13:00:30.316Z) (0.00002176)
The pair SFPBTC increases by 11.60896130346234% the last 15 seconds. (2021-02-08T13:00:30.517Z) (0.00002192)
The pair SFPBTC increases by 29.496402877697836% the last 15 seconds. (2021-02-08T13:00:30.714Z) (0.00002160)
The pair SFPBTC increases by 12.627073301230606% the last 15 seconds. (2021-02-08T13:00:31.117Z) (0.00002105)
The pair SFPBTC increases by 20.98765432098766% the last 15 seconds. (2021-02-08T13:00:31.522Z) (0.00002156)
The pair SFPBTC increases by 12.981530343007908% the last 15 seconds. (2021-02-08T13:00:32.724Z) (0.00002141)
The pair SFPBTC increases by 11.345646437994738% the last 15 seconds. (2021-02-08T13:00:32.930Z) (0.00002110)
The pair SFPBTC increases by 13.614775725593663% the last 15 seconds. (2021-02-08T13:00:33.123Z) (0.00002153)
The pair SFPBTC increases by 10.563737938039619% the last 15 seconds. (2021-02-08T13:00:34.929Z) (0.00002177)
The pair SFPBTC increases by 13.339777670372154% the last 15 seconds. (2021-02-08T13:00:38.329Z) (0.00002345)
The pair SFPBTC increases by 11.137440758293838% the last 15 seconds. (2021-02-08T13:00:38.740Z) (0.00002345)
The pair SFPBTC increases by 11.16389548693586% the last 15 seconds. (2021-02-08T13:00:41.134Z) (0.00002340)
The pair SFPBTC increases by 11.111111111111093% the last 15 seconds. (2021-02-08T13:00:41.337Z) (0.00002340)
The pair SFPBTC increases by 11.507370423204954% the last 15 seconds. (2021-02-08T13:00:41.935Z) (0.00002345)
The pair SFPBTC increases by 11.507370423204954% the last 15 seconds. (2021-02-08T13:00:42.140Z) (0.00002345)
The pair SFPBTC increases by 10.758293838862553% the last 15 seconds. (2021-02-08T13:00:42.951Z) (0.00002337)
The pair SFPBTC increases by 11.716881874701102% the last 15 seconds. (2021-02-08T13:00:43.335Z) (0.00002336)
The pair SFPBTC increases by 15.461346633416472% the last 15 seconds. (2021-02-08T13:00:44.536Z) (0.00002315)
The pair SFPBTC increases by 16.957605985037418% the last 15 seconds. (2021-02-08T13:00:44.739Z) (0.00002345)
The pair SFPBTC increases by 12.470023980815359% the last 15 seconds. (2021-02-08T13:00:45.338Z) (0.00002345)
The pair SFPBTC increases by 15.12027491408936% the last 15 seconds. (2021-02-08T13:00:45.539Z) (0.00002345)
The pair SFPBTC increases by 15.12027491408936% the last 15 seconds. (2021-02-08T13:00:45.745Z) (0.00002345)
The pair SFPBTC increases by 15.12027491408936% the last 15 seconds. (2021-02-08T13:00:45.940Z) (0.00002345)
The pair SFPBTC increases by 15.12027491408936% the last 15 seconds. (2021-02-08T13:00:46.142Z) (0.00002345)
The pair SFPBTC increases by 15.12027491408936% the last 15 seconds. (2021-02-08T13:00:46.342Z) (0.00002345)
The pair SFPBTC increases by 17.82032400589102% the last 15 seconds. (2021-02-08T13:00:46.543Z) (0.00002400)
The pair SFPBTC increases by 17.359413202933993% the last 15 seconds. (2021-02-08T13:00:46.746Z) (0.00002400)
The pair SFPBTC increases by 16.498800959232618% the last 15 seconds. (2021-02-08T13:00:46.948Z) (0.00002429)
The pair SFPBTC increases by 16.539923954372625% the last 15 seconds. (2021-02-08T13:00:47.144Z) (0.00002452)
The pair SFPBTC increases by 16.48456057007126% the last 15 seconds. (2021-02-08T13:00:47.349Z) (0.00002452)
The pair SFPBTC increases by 16.495806150978567% the last 15 seconds. (2021-02-08T13:00:47.545Z) (0.00002500)
The pair SFPBTC increases by 12.767940354147234% the last 15 seconds. (2021-02-08T13:00:47.745Z) (0.00002420)
The pair SFPBTC increases by 15.65703634669151% the last 15 seconds. (2021-02-08T13:00:47.945Z) (0.00002482)
The pair SFPBTC increases by 21.666666666666657% the last 15 seconds. (2021-02-08T13:00:48.161Z) (0.00002482)
The pair SFPBTC increases by 19.999999999999996% the last 15 seconds. (2021-02-08T13:00:48.551Z) (0.00002448)
The pair SFPBTC increases by 18.42728564661298% the last 15 seconds. (2021-02-08T13:00:48.947Z) (0.00002500)
The pair SFPBTC increases by 14.684983420180009% the last 15 seconds. (2021-02-08T13:00:49.146Z) (0.00002421)
The pair SFPBTC increases by 16.011369019422084% the last 15 seconds. (2021-02-08T13:00:49.346Z) (0.00002449)
The pair SFPBTC increases by 12.666034155597728% the last 15 seconds. (2021-02-08T13:00:50.748Z) (0.00002375)
The pair SFPBTC increases by 14.222440944881898% the last 15 seconds. (2021-02-08T13:00:52.353Z) (0.00002321)
The pair SFPBTC increases by 27.931769722814504% the last 15 seconds. (2021-02-08T13:00:54.753Z) (0.00003000)
The pair SFPBTC increases by 12.994350282485856% the last 15 seconds. (2021-02-08T13:01:10.376Z) (0.00002200)
The pair SFPBTC increases by 13.584710743801654% the last 15 seconds. (2021-02-08T13:01:10.580Z) (0.00002199)
The pair SFPBTC increases by 16.559829059829067% the last 15 seconds. (2021-02-08T13:01:11.378Z) (0.00002182)
The pair SFPBTC increases by 14.480587618048268% the last 15 seconds. (2021-02-08T13:01:11.578Z) (0.00002182)
The pair SFPBTC increases by 14.32318992654773% the last 15 seconds. (2021-02-08T13:01:11.796Z) (0.00002179)
The pair SFPBTC increases by 10.087293889427752% the last 15 seconds. (2021-02-08T13:01:29.998Z) (0.00002270)
The pair SFPBTC increases by 11.358574610244986% the last 15 seconds. (2021-02-08T13:02:16.458Z) (0.00002500)
The pair SFPBTC increases by 15.295926210607224% the last 15 seconds. (2021-02-08T13:03:23.958Z) (0.00003000)
The pair SFPBTC increases by 12.874711760184464% the last 15 seconds. (2021-02-08T13:03:24.157Z) (0.00002937)
The pair SFPBTC increases by 12.874711760184464% the last 15 seconds. (2021-02-08T13:03:24.959Z) (0.00002937)
The pair SFPBTC increases by 10.2791461412151% the last 15 seconds. (2021-02-08T13:20:10.592Z) (0.00003358)
The pair SFPBTC increases by 10.026212319790307% the last 15 seconds. (2021-02-08T13:20:10.790Z) (0.00003358)
The pair NAVBTC increases by 19.591836734693892% the last 15 seconds. (2021-02-08T14:12:15.259Z) (0.00000879)
The pair NAVBTC increases by 19.591836734693892% the last 15 seconds. (2021-02-08T14:12:15.460Z) (0.00000879)
The pair NAVBTC increases by 19.591836734693892% the last 15 seconds. (2021-02-08T14:12:15.659Z) (0.00000879)
The pair NAVBTC increases by 19.591836734693892% the last 15 seconds. (2021-02-08T14:12:15.859Z) (0.00000879)
The pair NAVBTC increases by 10.476190476190483% the last 15 seconds. (2021-02-08T14:12:16.071Z) (0.00000812)
The pair STMXBTC increases by 10.526315789473673% the last 15 seconds. (2021-02-08T14:49:32.143Z) (0.00000021)
The pair STMXBTC increases by 10.526315789473673% the last 15 seconds. (2021-02-08T14:49:32.344Z) (0.00000021)
The pair STMXBTC increases by 10.526315789473673% the last 15 seconds. (2021-02-08T14:49:32.545Z) (0.00000021)
The pair STMXBTC increases by 10.526315789473673% the last 15 seconds. (2021-02-08T14:49:32.744Z) (0.00000021)
The pair STMXBTC increases by 10.526315789473673% the last 15 seconds. (2021-02-08T14:49:37.349Z) (0.00000021)
The pair STMXBTC increases by 10.526315789473673% the last 15 seconds. (2021-02-08T14:49:37.550Z) (0.00000021)
The pair STMXBTC increases by 10.526315789473673% the last 15 seconds. (2021-02-08T14:49:37.752Z) (0.00000021)
The pair STMXBTC increases by 10.526315789473673% the last 15 seconds. (2021-02-08T14:49:37.950Z) (0.00000021)
The pair STMXBTC increases by 10.526315789473673% the last 15 seconds. (2021-02-08T14:49:38.150Z) (0.00000021)
The pair STMXBTC increases by 10.526315789473673% the last 15 seconds. (2021-02-08T14:49:38.351Z) (0.00000021)
The pair STMXBTC increases by 10.526315789473673% the last 15 seconds. (2021-02-08T14:49:38.551Z) (0.00000021)
The pair STMXBTC increases by 10.526315789473673% the last 15 seconds. (2021-02-08T14:49:38.753Z) (0.00000021)
The pair PHBBTC increases by 16.666666666666675% the last 15 seconds. (2021-02-08T15:15:52.623Z) (0.00000014)
The pair PHBBTC increases by 16.666666666666675% the last 15 seconds. (2021-02-08T15:15:52.718Z) (0.00000014)
The pair PHBBTC increases by 16.666666666666675% the last 15 seconds. (2021-02-08T15:15:52.916Z) (0.00000014)
The pair PHBBTC increases by 16.666666666666675% the last 15 seconds. (2021-02-08T15:15:53.117Z) (0.00000014)
The pair PHBBTC increases by 16.666666666666675% the last 15 seconds. (2021-02-08T15:15:53.316Z) (0.00000014)
The pair PHBBTC increases by 16.666666666666675% the last 15 seconds. (2021-02-08T15:15:53.518Z) (0.00000014)
The pair PHBBTC increases by 16.666666666666675% the last 15 seconds. (2021-02-08T15:15:53.720Z) (0.00000014)
The pair PHBBTC increases by 16.666666666666675% the last 15 seconds. (2021-02-08T15:15:53.920Z) (0.00000014)
The pair PHBBTC increases by 16.666666666666675% the last 15 seconds. (2021-02-08T15:15:54.119Z) (0.00000014)
The pair PHBBTC increases by 16.666666666666675% the last 15 seconds. (2021-02-08T15:15:54.320Z) (0.00000014)
The pair PHBBTC increases by 16.666666666666675% the last 15 seconds. (2021-02-08T15:15:54.520Z) (0.00000014)
The pair STMXBTC increases by 10.526315789473673% the last 15 seconds. (2021-02-08T16:15:58.049Z) (0.00000021)
The pair STMXBTC increases by 10.526315789473673% the last 15 seconds. (2021-02-08T16:15:58.249Z) (0.00000021)
The pair STMXBTC increases by 10.526315789473673% the last 15 seconds. (2021-02-08T16:15:58.450Z) (0.00000021)
The pair STMXBTC increases by 10.526315789473673% the last 15 seconds. (2021-02-08T16:15:58.651Z) (0.00000021)
The pair STMXBTC increases by 10.526315789473673% the last 15 seconds. (2021-02-08T16:15:58.850Z) (0.00000021)
The pair STMXBTC increases by 10.526315789473673% the last 15 seconds. (2021-02-08T16:15:59.049Z) (0.00000021)
The pair STMXBTC increases by 10.526315789473673% the last 15 seconds. (2021-02-08T16:15:59.252Z) (0.00000021)
The pair STMXBTC increases by 10.526315789473673% the last 15 seconds. (2021-02-08T16:15:59.453Z) (0.00000021)
The pair STMXBTC increases by 10.526315789473673% the last 15 seconds. (2021-02-08T16:15:59.651Z) (0.00000021)
The pair STMXBTC increases by 10.526315789473673% the last 15 seconds. (2021-02-08T16:15:59.851Z) (0.00000021)
The pair STMXBTC increases by 10.526315789473673% the last 15 seconds. (2021-02-08T16:16:00.052Z) (0.00000021)
The pair STMXBTC increases by 10.526315789473673% the last 15 seconds. (2021-02-08T16:16:00.251Z) (0.00000021)
The pair STMXBTC increases by 10.526315789473673% the last 15 seconds. (2021-02-08T16:16:00.452Z) (0.00000021)
The pair HNTBTC increases by 16.16279069767441% the last 15 seconds. (2021-02-08T18:25:45.085Z) (0.00009990)
The pair XVSBTC increases by 10.12060828526482% the last 15 seconds. (2021-02-08T23:30:31.436Z) (0.00084000)
The pair LITBTC increases by 14.498991257565574% the last 15 seconds. (2021-02-09T01:23:19.759Z) (0.00017026)
The pair CELOBTC increases by 15.359688917692793% the last 15 seconds. (2021-02-09T02:09:10.638Z) (0.00008900)
The pair STXBTC increases by 10.068259385665534% the last 15 seconds. (2021-02-09T05:00:41.582Z) (0.00001290)
The pair FIROBTC increases by 25.628626692456493% the last 15 seconds. (2021-02-09T05:12:02.116Z) (0.00012990)
The pair FIROBTC increases by 10.058027079303677% the last 15 seconds. (2021-02-09T05:12:02.316Z) (0.00011380)
The pair FIROBTC increases by 10.251450676982587% the last 15 seconds. (2021-02-09T05:12:02.517Z) (0.00011400)
The pair FIROBTC increases by 10.251450676982587% the last 15 seconds. (2021-02-09T05:12:02.718Z) (0.00011400)
The pair FIROBTC increases by 22.24371373307543% the last 15 seconds. (2021-02-09T05:12:02.916Z) (0.00012640)
The pair FIROBTC increases by 10.251450676982587% the last 15 seconds. (2021-02-09T05:12:03.118Z) (0.00011400)
The pair FIROBTC increases by 10.058027079303677% the last 15 seconds. (2021-02-09T05:12:03.317Z) (0.00011380)
The pair FIROBTC increases by 10.058027079303677% the last 15 seconds. (2021-02-09T05:12:03.516Z) (0.00011380)
The pair FIROBTC increases by 20.116054158607355% the last 15 seconds. (2021-02-09T05:12:04.319Z) (0.00012420)
The pair FIROBTC increases by 10.905730129390022% the last 15 seconds. (2021-02-09T05:12:55.986Z) (0.00012000)
The pair FIROBTC increases by 10.905730129390022% the last 15 seconds. (2021-02-09T05:12:56.184Z) (0.00012000)
The pair FIROBTC increases by 10.998151571164506% the last 15 seconds. (2021-02-09T05:12:56.385Z) (0.00012010)
The pair FIROBTC increases by 10.998151571164506% the last 15 seconds. (2021-02-09T05:12:56.585Z) (0.00012010)
The pair FIROBTC increases by 10.895660203139435% the last 15 seconds. (2021-02-09T05:12:56.788Z) (0.00012010)
The pair FIROBTC increases by 10.803324099723% the last 15 seconds. (2021-02-09T05:12:56.987Z) (0.00012000)
The pair FIROBTC increases by 10.987996306555846% the last 15 seconds. (2021-02-09T05:12:57.186Z) (0.00012020)
The pair FIROBTC increases by 10.987996306555846% the last 15 seconds. (2021-02-09T05:12:57.387Z) (0.00012020)
The pair FIROBTC increases by 10.803324099723% the last 15 seconds. (2021-02-09T05:12:57.590Z) (0.00012000)
The pair FIROBTC increases by 10.895660203139435% the last 15 seconds. (2021-02-09T05:12:57.789Z) (0.00012010)
The pair FIROBTC increases by 10.895660203139435% the last 15 seconds. (2021-02-09T05:12:57.989Z) (0.00012010)
The pair FIROBTC increases by 10.803324099723% the last 15 seconds. (2021-02-09T05:12:58.189Z) (0.00012000)
The pair FIROBTC increases by 10.895660203139435% the last 15 seconds. (2021-02-09T05:12:58.389Z) (0.00012010)
The pair FIROBTC increases by 10.803324099723% the last 15 seconds. (2021-02-09T05:12:58.590Z) (0.00012000)
The pair FIROBTC increases by 10.803324099723% the last 15 seconds. (2021-02-09T05:12:58.790Z) (0.00012000)
The pair FIROBTC increases by 10.803324099723% the last 15 seconds. (2021-02-09T05:12:58.991Z) (0.00012000)
The pair FIROBTC increases by 10.803324099723% the last 15 seconds. (2021-02-09T05:12:59.190Z) (0.00012000)
The pair FIROBTC increases by 10.895660203139435% the last 15 seconds. (2021-02-09T05:12:59.390Z) (0.00012010)
The pair FIROBTC increases by 10.803324099723% the last 15 seconds. (2021-02-09T05:12:59.590Z) (0.00012000)
The pair FIROBTC increases by 10.803324099723% the last 15 seconds. (2021-02-09T05:12:59.790Z) (0.00012000)
The pair FIROBTC increases by 10.895660203139435% the last 15 seconds. (2021-02-09T05:12:59.990Z) (0.00012010)
The pair FIROBTC increases by 11.35734072022161% the last 15 seconds. (2021-02-09T05:13:00.191Z) (0.00012060)
The pair FIROBTC increases by 10.895660203139435% the last 15 seconds. (2021-02-09T05:13:00.391Z) (0.00012010)
The pair FIROBTC increases by 10.895660203139435% the last 15 seconds. (2021-02-09T05:13:00.592Z) (0.00012010)
The pair FIROBTC increases by 10.895660203139435% the last 15 seconds. (2021-02-09T05:13:00.793Z) (0.00012010)
The pair FIROBTC increases by 10.895660203139435% the last 15 seconds. (2021-02-09T05:13:00.989Z) (0.00012010)
The pair FIROBTC increases by 10.803324099723% the last 15 seconds. (2021-02-09T05:13:01.190Z) (0.00012000)
The pair FIROBTC increases by 10.803324099723% the last 15 seconds. (2021-02-09T05:13:01.391Z) (0.00012000)
The pair FIROBTC increases by 10.895660203139435% the last 15 seconds. (2021-02-09T05:13:01.592Z) (0.00012010)
The pair FIROBTC increases by 10.803324099723% the last 15 seconds. (2021-02-09T05:13:01.792Z) (0.00012000)
The pair FIROBTC increases by 10.803324099723% the last 15 seconds. (2021-02-09T05:13:01.992Z) (0.00012000)
The pair FIROBTC increases by 10.895660203139435% the last 15 seconds. (2021-02-09T05:13:02.192Z) (0.00012010)
The pair FIROBTC increases by 10.895660203139435% the last 15 seconds. (2021-02-09T05:13:02.391Z) (0.00012010)
The pair FIROBTC increases by 10.895660203139435% the last 15 seconds. (2021-02-09T05:13:02.593Z) (0.00012010)
The pair FIROBTC increases by 10.803324099723% the last 15 seconds. (2021-02-09T05:13:02.796Z) (0.00012000)
The pair FIROBTC increases by 10.803324099723% the last 15 seconds. (2021-02-09T05:13:02.994Z) (0.00012000)
The pair FIROBTC increases by 10.803324099723% the last 15 seconds. (2021-02-09T05:13:03.193Z) (0.00012000)
The pair FIROBTC increases by 10.803324099723% the last 15 seconds. (2021-02-09T05:13:03.396Z) (0.00012000)
The pair FIROBTC increases by 10.803324099723% the last 15 seconds. (2021-02-09T05:13:03.595Z) (0.00012000)
The pair FIROBTC increases by 10.803324099723% the last 15 seconds. (2021-02-09T05:13:03.794Z) (0.00012000)
The pair FIROBTC increases by 10.803324099723% the last 15 seconds. (2021-02-09T05:13:03.998Z) (0.00012000)
The pair FIROBTC increases by 10.803324099723% the last 15 seconds. (2021-02-09T05:13:04.196Z) (0.00012000)
The pair FIROBTC increases by 10.803324099723% the last 15 seconds. (2021-02-09T05:13:04.396Z) (0.00012000)
The pair FIROBTC increases by 10.803324099723% the last 15 seconds. (2021-02-09T05:13:04.596Z) (0.00012000)
The pair FIROBTC increases by 10.803324099723% the last 15 seconds. (2021-02-09T05:13:04.800Z) (0.00012000)
The pair FIROBTC increases by 10.803324099723% the last 15 seconds. (2021-02-09T05:13:05.005Z) (0.00012000)
The pair FIROBTC increases by 10.803324099723% the last 15 seconds. (2021-02-09T05:13:05.200Z) (0.00012000)
The pair FIROBTC increases by 10.803324099723% the last 15 seconds. (2021-02-09T05:13:05.399Z) (0.00012000)
The pair FIROBTC increases by 10.803324099723% the last 15 seconds. (2021-02-09T05:13:05.601Z) (0.00012000)
The pair FIROBTC increases by 10.803324099723% the last 15 seconds. (2021-02-09T05:13:05.801Z) (0.00012000)
The pair STXBTC increases by 10.051993067590992% the last 15 seconds. (2021-02-09T07:00:36.107Z) (0.00001270)
The pair STXBTC increases by 10.051993067590992% the last 15 seconds. (2021-02-09T07:00:38.110Z) (0.00001270)
The pair STXBTC increases by 10.138648180242637% the last 15 seconds. (2021-02-09T07:00:40.113Z) (0.00001271)
The pair STXBTC increases by 11.006018916595007% the last 15 seconds. (2021-02-09T07:00:40.710Z) (0.00001291)
The pair STXBTC increases by 11.597938144329877% the last 15 seconds. (2021-02-09T07:00:40.911Z) (0.00001299)
The pair STXBTC increases by 11.683848797250839% the last 15 seconds. (2021-02-09T07:00:41.311Z) (0.00001300)
The pair STXBTC increases by 10.300429184549365% the last 15 seconds. (2021-02-09T07:00:41.513Z) (0.00001285)
The pair STXBTC increases by 10.111396743787493% the last 15 seconds. (2021-02-09T07:00:41.717Z) (0.00001285)
The pair STXBTC increases by 10.017123287671236% the last 15 seconds. (2021-02-09T07:00:41.918Z) (0.00001285)
The pair STXBTC increases by 10.017123287671236% the last 15 seconds. (2021-02-09T07:00:42.113Z) (0.00001285)
The pair TROYBTC increases by 13.33333333333333% the last 15 seconds. (2021-02-09T12:33:33.019Z) (0.00000017)
The pair TROYBTC increases by 13.33333333333333% the last 15 seconds. (2021-02-09T12:33:33.220Z) (0.00000017)
The pair TROYBTC increases by 13.33333333333333% the last 15 seconds. (2021-02-09T12:33:33.420Z) (0.00000017)
The pair TROYBTC increases by 13.33333333333333% the last 15 seconds. (2021-02-09T12:33:33.619Z) (0.00000017)
The pair TROYBTC increases by 13.33333333333333% the last 15 seconds. (2021-02-09T12:33:33.820Z) (0.00000017)
The pair TROYBTC increases by 13.33333333333333% the last 15 seconds. (2021-02-09T12:33:34.020Z) (0.00000017)
The pair TROYBTC increases by 13.33333333333333% the last 15 seconds. (2021-02-09T12:33:34.221Z) (0.00000017)
The pair TROYBTC increases by 13.33333333333333% the last 15 seconds. (2021-02-09T12:33:34.421Z) (0.00000017)
The pair TROYBTC increases by 13.33333333333333% the last 15 seconds. (2021-02-09T12:33:34.623Z) (0.00000017)
The pair TROYBTC increases by 13.33333333333333% the last 15 seconds. (2021-02-09T12:33:34.833Z) (0.00000017)
The pair TROYBTC increases by 13.33333333333333% the last 15 seconds. (2021-02-09T12:33:35.025Z) (0.00000017)
The pair TROYBTC increases by 13.33333333333333% the last 15 seconds. (2021-02-09T12:33:35.224Z) (0.00000017)
The pair TROYBTC increases by 13.33333333333333% the last 15 seconds. (2021-02-09T12:33:35.437Z) (0.00000017)
The pair TROYBTC increases by 13.33333333333333% the last 15 seconds. (2021-02-09T12:33:35.629Z) (0.00000017)
The pair TROYBTC increases by 13.33333333333333% the last 15 seconds. (2021-02-09T12:33:35.826Z) (0.00000017)
The pair TROYBTC increases by 13.33333333333333% the last 15 seconds. (2021-02-09T12:33:36.024Z) (0.00000017)
The pair TROYBTC increases by 13.33333333333333% the last 15 seconds. (2021-02-09T12:33:36.226Z) (0.00000017)
The pair TROYBTC increases by 13.33333333333333% the last 15 seconds. (2021-02-09T12:33:36.427Z) (0.00000017)
The pair TROYBTC increases by 13.33333333333333% the last 15 seconds. (2021-02-09T12:33:36.626Z) (0.00000017)
The pair TROYBTC increases by 13.33333333333333% the last 15 seconds. (2021-02-09T12:33:36.826Z) (0.00000017)
The pair TROYBTC increases by 13.33333333333333% the last 15 seconds. (2021-02-09T12:33:37.028Z) (0.00000017)
The pair TROYBTC increases by 13.33333333333333% the last 15 seconds. (2021-02-09T12:33:37.229Z) (0.00000017)
The pair TROYBTC increases by 13.33333333333333% the last 15 seconds. (2021-02-09T12:33:37.426Z) (0.00000017)
The pair TROYBTC increases by 13.33333333333333% the last 15 seconds. (2021-02-09T12:33:37.628Z) (0.00000017)
The pair BCPTBTC increases by 11.111111111111116% the last 15 seconds. (2021-02-09T19:28:57.621Z) (0.00000050)
The pair BCPTBTC increases by 13.33333333333333% the last 15 seconds. (2021-02-09T19:28:57.820Z) (0.00000051)
The pair BCPTBTC increases by 13.33333333333333% the last 15 seconds. (2021-02-09T19:28:58.022Z) (0.00000051)
The pair BCPTBTC increases by 13.33333333333333% the last 15 seconds. (2021-02-09T19:28:58.222Z) (0.00000051)
The pair BCPTBTC increases by 13.33333333333333% the last 15 seconds. (2021-02-09T19:28:58.424Z) (0.00000051)
The pair BCPTBTC increases by 13.33333333333333% the last 15 seconds. (2021-02-09T19:28:58.623Z) (0.00000051)
The pair BCPTBTC increases by 13.33333333333333% the last 15 seconds. (2021-02-09T19:28:58.823Z) (0.00000051)
The pair BCPTBTC increases by 13.33333333333333% the last 15 seconds. (2021-02-09T19:28:59.060Z) (0.00000051)
The pair BCPTBTC increases by 13.33333333333333% the last 15 seconds. (2021-02-09T19:28:59.224Z) (0.00000051)
The pair BCPTBTC increases by 13.33333333333333% the last 15 seconds. (2021-02-09T19:28:59.424Z) (0.00000051)
The pair BCPTBTC increases by 13.33333333333333% the last 15 seconds. (2021-02-09T19:28:59.625Z) (0.00000051)
The pair BCPTBTC increases by 13.33333333333333% the last 15 seconds. (2021-02-09T19:28:59.824Z) (0.00000051)
The pair BCPTBTC increases by 13.33333333333333% the last 15 seconds. (2021-02-09T19:29:00.032Z) (0.00000051)
The pair BCPTBTC increases by 13.33333333333333% the last 15 seconds. (2021-02-09T19:29:00.225Z) (0.00000051)
The pair BCPTBTC increases by 13.33333333333333% the last 15 seconds. (2021-02-09T19:29:00.426Z) (0.00000051)
The pair BCPTBTC increases by 13.33333333333333% the last 15 seconds. (2021-02-09T19:29:00.626Z) (0.00000051)
The pair BCPTBTC increases by 11.111111111111116% the last 15 seconds. (2021-02-09T19:29:00.827Z) (0.00000050)
The pair BCPTBTC increases by 11.111111111111116% the last 15 seconds. (2021-02-09T19:29:01.027Z) (0.00000050)
The pair BCPTBTC increases by 11.111111111111116% the last 15 seconds. (2021-02-09T19:29:01.228Z) (0.00000050)
The pair BCPTBTC increases by 11.111111111111116% the last 15 seconds. (2021-02-09T19:29:01.427Z) (0.00000050)
The pair BCPTBTC increases by 11.111111111111116% the last 15 seconds. (2021-02-09T19:29:01.633Z) (0.00000050)
The pair BCPTBTC increases by 11.111111111111116% the last 15 seconds. (2021-02-09T19:29:01.828Z) (0.00000050)
The pair BCPTBTC increases by 11.111111111111116% the last 15 seconds. (2021-02-09T19:29:02.028Z) (0.00000050)
The pair BCPTBTC increases by 11.111111111111116% the last 15 seconds. (2021-02-09T19:29:02.230Z) (0.00000050)
The pair BCPTBTC increases by 11.111111111111116% the last 15 seconds. (2021-02-09T19:29:02.440Z) (0.00000050)
The pair BCPTBTC increases by 11.111111111111116% the last 15 seconds. (2021-02-09T19:29:02.630Z) (0.00000050)
The pair BCPTBTC increases by 11.111111111111116% the last 15 seconds. (2021-02-09T19:29:02.830Z) (0.00000050)
The pair BCPTBTC increases by 11.111111111111116% the last 15 seconds. (2021-02-09T19:29:03.030Z) (0.00000050)
The pair BCPTBTC increases by 11.111111111111116% the last 15 seconds. (2021-02-09T19:29:03.230Z) (0.00000050)
The pair BCPTBTC increases by 11.111111111111116% the last 15 seconds. (2021-02-09T19:29:03.437Z) (0.00000050)
The pair BCPTBTC increases by 11.111111111111116% the last 15 seconds. (2021-02-09T19:29:03.631Z) (0.00000050)
The pair BCPTBTC increases by 11.111111111111116% the last 15 seconds. (2021-02-09T19:29:03.831Z) (0.00000050)
The pair BCPTBTC increases by 11.111111111111116% the last 15 seconds. (2021-02-09T19:29:04.031Z) (0.00000050)
The pair BCPTBTC increases by 11.111111111111116% the last 15 seconds. (2021-02-09T19:29:04.234Z) (0.00000050)
The pair BCPTBTC increases by 11.111111111111116% the last 15 seconds. (2021-02-09T19:29:04.433Z) (0.00000050)
The pair BCPTBTC increases by 11.111111111111116% the last 15 seconds. (2021-02-09T19:29:04.633Z) (0.00000050)
The pair BCPTBTC increases by 11.111111111111116% the last 15 seconds. (2021-02-09T19:29:04.833Z) (0.00000050)
The pair BCPTBTC increases by 11.111111111111116% the last 15 seconds. (2021-02-09T19:29:05.033Z) (0.00000050)
The pair BCPTBTC increases by 13.33333333333333% the last 15 seconds. (2021-02-09T19:29:05.234Z) (0.00000051)
The pair BCPTBTC increases by 13.33333333333333% the last 15 seconds. (2021-02-09T19:29:05.434Z) (0.00000051)
The pair BCPTBTC increases by 13.33333333333333% the last 15 seconds. (2021-02-09T19:29:05.634Z) (0.00000051)
The pair BCPTBTC increases by 13.33333333333333% the last 15 seconds. (2021-02-09T19:29:05.836Z) (0.00000051)
The pair BCPTBTC increases by 13.33333333333333% the last 15 seconds. (2021-02-09T19:29:06.038Z) (0.00000051)
The pair BCPTBTC increases by 13.33333333333333% the last 15 seconds. (2021-02-09T19:29:06.236Z) (0.00000051)
The pair BCPTBTC increases by 13.33333333333333% the last 15 seconds. (2021-02-09T19:29:06.438Z) (0.00000051)
The pair BCPTBTC increases by 13.33333333333333% the last 15 seconds. (2021-02-09T19:29:06.638Z) (0.00000051)
The pair BCPTBTC increases by 13.33333333333333% the last 15 seconds. (2021-02-09T19:29:06.839Z) (0.00000051)
The pair BCPTBTC increases by 13.33333333333333% the last 15 seconds. (2021-02-09T19:29:07.039Z) (0.00000051)
The pair BCPTBTC increases by 13.33333333333333% the last 15 seconds. (2021-02-09T19:29:07.239Z) (0.00000051)
The pair BCPTBTC increases by 13.33333333333333% the last 15 seconds. (2021-02-09T19:29:07.441Z) (0.00000051)
The pair CKBBTC increases by 12.5% the last 15 seconds. (2021-02-09T19:29:40.093Z) (0.00000018)
The pair ORNBTC increases by 12.625871417505818% the last 15 seconds. (2021-02-10T00:56:45.052Z) (0.00014540)
The pair QKCBTC increases by 12.00000000000001% the last 15 seconds. (2021-02-10T02:12:19.636Z) (0.00000028)
The pair QKCBTC increases by 12.00000000000001% the last 15 seconds. (2021-02-10T02:12:19.837Z) (0.00000028)
The pair QKCBTC increases by 12.00000000000001% the last 15 seconds. (2021-02-10T02:12:20.039Z) (0.00000028)
The pair QKCBTC increases by 12.00000000000001% the last 15 seconds. (2021-02-10T02:12:20.237Z) (0.00000028)
The pair QKCBTC increases by 12.00000000000001% the last 15 seconds. (2021-02-10T02:12:28.449Z) (0.00000028)
The pair QKCBTC increases by 12.00000000000001% the last 15 seconds. (2021-02-10T02:12:28.650Z) (0.00000028)
The pair QKCBTC increases by 12.00000000000001% the last 15 seconds. (2021-02-10T02:12:28.850Z) (0.00000028)
The pair STMXBTC increases by 10.000000000000009% the last 15 seconds. (2021-02-10T06:04:53.124Z) (0.00000022)
The pair STMXBTC increases by 10.000000000000009% the last 15 seconds. (2021-02-10T06:04:53.327Z) (0.00000022)
The pair STMXBTC increases by 10.000000000000009% the last 15 seconds. (2021-02-10T06:04:53.524Z) (0.00000022)
The pair STMXBTC increases by 10.000000000000009% the last 15 seconds. (2021-02-10T06:04:53.736Z) (0.00000022)
The pair STMXBTC increases by 10.000000000000009% the last 15 seconds. (2021-02-10T06:04:53.925Z) (0.00000022)
The pair STMXBTC increases by 10.000000000000009% the last 15 seconds. (2021-02-10T06:04:54.126Z) (0.00000022)
The pair STMXBTC increases by 10.000000000000009% the last 15 seconds. (2021-02-10T06:04:54.328Z) (0.00000022)
The pair STMXBTC increases by 10.000000000000009% the last 15 seconds. (2021-02-10T06:04:54.528Z) (0.00000022)
The pair STMXBTC increases by 10.000000000000009% the last 15 seconds. (2021-02-10T06:04:54.726Z) (0.00000022)
The pair STMXBTC increases by 10.000000000000009% the last 15 seconds. (2021-02-10T06:04:54.927Z) (0.00000022)
The pair STMXBTC increases by 10.000000000000009% the last 15 seconds. (2021-02-10T06:04:55.127Z) (0.00000022)
The pair IOTABTC increases by 10.790464240903397% the last 15 seconds. (2021-02-10T12:41:53.242Z) (0.00001766)
The pair NMRBTC increases by 10.66499372647427% the last 15 seconds. (2021-02-10T17:39:58.377Z) (0.00088200)
The pair NMRBTC increases by 11.194968553459116% the last 15 seconds. (2021-02-10T17:40:03.186Z) (0.00088400)
The pair NMRBTC increases by 11.194968553459116% the last 15 seconds. (2021-02-10T17:40:03.395Z) (0.00088400)
The pair NMRBTC increases by 11.949685534591193% the last 15 seconds. (2021-02-10T17:40:03.588Z) (0.00089000)
The pair NMRBTC increases by 10.188679245283016% the last 15 seconds. (2021-02-10T17:40:03.788Z) (0.00087600)
The pair NMRBTC increases by 10.188679245283016% the last 15 seconds. (2021-02-10T17:40:03.988Z) (0.00087600)
The pair NMRBTC increases by 11.32075471698113% the last 15 seconds. (2021-02-10T17:40:04.188Z) (0.00088500)
The pair NMRBTC increases by 10.250569476082006% the last 15 seconds. (2021-02-10T17:40:15.605Z) (0.00096800)
The pair NMRBTC increases by 11.953041622198501% the last 15 seconds. (2021-02-10T17:40:45.253Z) (0.00104900)
The pair NMRBTC increases by 11.477151965993638% the last 15 seconds. (2021-02-10T17:40:45.455Z) (0.00104900)
The pair NMRBTC increases by 11.833688699360344% the last 15 seconds. (2021-02-10T17:40:45.654Z) (0.00104900)
The pair NMRBTC increases by 11.1228813559322% the last 15 seconds. (2021-02-10T17:40:45.854Z) (0.00104900)
The pair NMRBTC increases by 10.887949260042284% the last 15 seconds. (2021-02-10T17:40:46.054Z) (0.00104900)
The pair NMRBTC increases by 10.87645195353748% the last 15 seconds. (2021-02-10T17:40:46.254Z) (0.00105000)
The pair NMRBTC increases by 10.77085533262936% the last 15 seconds. (2021-02-10T17:40:46.455Z) (0.00104900)
The pair NMRBTC increases by 10.073452256033576% the last 15 seconds. (2021-02-10T17:40:49.059Z) (0.00104900)
The pair CTSIBTC increases by 11.363636363636353% the last 15 seconds. (2021-02-10T20:37:03.294Z) (0.00000882)
The pair CTSIBTC increases by 11.34663341645885% the last 15 seconds. (2021-02-10T20:37:03.495Z) (0.00000893)
The pair CTSIBTC increases by 12.34663341645885% the last 15 seconds. (2021-02-10T20:37:03.495Z) (0.00000893)
