The pair CELRBTC increases by 2.1739130434782705% the last 15 seconds. (2021-02-14T01:35:56.976Z) (0.00000047)
The pair QKCBTC increases by 3.125% the last 15 seconds. (2021-02-14T01:36:58.378Z) (0.00000033)
The pair QKCBTC increases by 3.125% the last 15 seconds. (2021-02-14T01:36:58.628Z) (0.00000033)
The pair QKCBTC increases by 3.125% the last 15 seconds. (2021-02-14T01:36:58.930Z) (0.00000033)
The pair QKCBTC increases by 3.125% the last 15 seconds. (2021-02-14T01:36:59.218Z) (0.00000033)
The pair QKCBTC increases by 3.125% the last 15 seconds. (2021-02-14T01:36:59.407Z) (0.00000033)
The pair QKCBTC increases by 3.125% the last 15 seconds. (2021-02-14T01:36:59.609Z) (0.00000033)
The pair QKCBTC increases by 3.125% the last 15 seconds. (2021-02-14T01:36:59.836Z) (0.00000033)
The pair QKCBTC increases by 3.125% the last 15 seconds. (2021-02-14T01:37:00.052Z) (0.00000033)
The pair QKCBTC increases by 3.125% the last 15 seconds. (2021-02-14T01:37:00.264Z) (0.00000033)
The pair QKCBTC increases by 3.125% the last 15 seconds. (2021-02-14T01:37:00.448Z) (0.00000033)
The pair QKCBTC increases by 3.125% the last 15 seconds. (2021-02-14T01:37:00.641Z) (0.00000033)
The pair QKCBTC increases by 3.125% the last 15 seconds. (2021-02-14T01:37:00.820Z) (0.00000033)
The pair QKCBTC increases by 3.125% the last 15 seconds. (2021-02-14T01:37:01.042Z) (0.00000033)
The pair QKCBTC increases by 3.125% the last 15 seconds. (2021-02-14T01:37:01.247Z) (0.00000033)
The pair QKCBTC increases by 3.125% the last 15 seconds. (2021-02-14T01:37:01.424Z) (0.00000033)
The pair QKCBTC increases by 3.125% the last 15 seconds. (2021-02-14T01:37:01.629Z) (0.00000033)
The pair QKCBTC increases by 3.125% the last 15 seconds. (2021-02-14T01:37:01.825Z) (0.00000033)
The pair QKCBTC increases by 3.125% the last 15 seconds. (2021-02-14T01:37:01.960Z) (0.00000033)
The pair QKCBTC increases by 3.125% the last 15 seconds. (2021-02-14T01:37:02.139Z) (0.00000033)
The pair QKCBTC increases by 3.125% the last 15 seconds. (2021-02-14T01:37:02.264Z) (0.00000033)
The pair QKCBTC increases by 3.125% the last 15 seconds. (2021-02-14T01:37:02.431Z) (0.00000033)
The pair QKCBTC increases by 3.125% the last 15 seconds. (2021-02-14T01:37:02.608Z) (0.00000033)
The pair QKCBTC increases by 3.125% the last 15 seconds. (2021-02-14T01:37:02.819Z) (0.00000033)
The pair QKCBTC increases by 3.125% the last 15 seconds. (2021-02-14T01:37:03.012Z) (0.00000033)
The pair QKCBTC increases by 3.125% the last 15 seconds. (2021-02-14T01:37:03.212Z) (0.00000033)
The pair QKCBTC increases by 3.125% the last 15 seconds. (2021-02-14T01:37:03.415Z) (0.00000033)
The pair STPTBTC increases by 1.333333333333342% the last 15 seconds. (2021-02-14T01:37:08.285Z) (0.00000076)
The pair STPTBTC increases by 1.333333333333342% the last 15 seconds. (2021-02-14T01:37:08.536Z) (0.00000076)
The pair STPTBTC increases by 1.333333333333342% the last 15 seconds. (2021-02-14T01:37:08.802Z) (0.00000076)
The pair STPTBTC increases by 1.333333333333342% the last 15 seconds. (2021-02-14T01:37:09.154Z) (0.00000076)
The pair STPTBTC increases by 1.333333333333342% the last 15 seconds. (2021-02-14T01:37:09.384Z) (0.00000076)
The pair SCBTC increases by 3.703703703703698% the last 15 seconds. (2021-02-14T01:37:09.899Z) (0.00000028)
The pair STPTBTC increases by 1.333333333333342% the last 15 seconds. (2021-02-14T01:37:09.900Z) (0.00000076)
The pair SCBTC increases by 3.703703703703698% the last 15 seconds. (2021-02-14T01:37:10.163Z) (0.00000028)
The pair STPTBTC increases by 1.333333333333342% the last 15 seconds. (2021-02-14T01:37:10.165Z) (0.00000076)
The pair SCBTC increases by 3.703703703703698% the last 15 seconds. (2021-02-14T01:37:10.269Z) (0.00000028)
The pair STPTBTC increases by 1.333333333333342% the last 15 seconds. (2021-02-14T01:37:10.269Z) (0.00000076)
The pair SCBTC increases by 3.703703703703698% the last 15 seconds. (2021-02-14T01:37:10.542Z) (0.00000028)
The pair STPTBTC increases by 1.333333333333342% the last 15 seconds. (2021-02-14T01:37:10.542Z) (0.00000076)
The pair SCBTC increases by 3.703703703703698% the last 15 seconds. (2021-02-14T01:37:10.750Z) (0.00000028)
The pair STPTBTC increases by 1.333333333333342% the last 15 seconds. (2021-02-14T01:37:10.752Z) (0.00000076)
The pair SCBTC increases by 3.703703703703698% the last 15 seconds. (2021-02-14T01:37:10.983Z) (0.00000028)
The pair TROYBTC increases by 5.000000000000004% the last 15 seconds. (2021-02-14T01:37:10.983Z) (0.00000021)
The pair STPTBTC increases by 1.333333333333342% the last 15 seconds. (2021-02-14T01:37:10.984Z) (0.00000076)
The pair FUNBTC increases by 1.1363636363636243% the last 15 seconds. (2021-02-14T01:37:11.166Z) (0.00000089)
The pair SCBTC increases by 3.703703703703698% the last 15 seconds. (2021-02-14T01:37:11.166Z) (0.00000028)
The pair CHZBTC increases by 1.2987012987013102% the last 15 seconds. (2021-02-14T01:37:11.166Z) (0.00000078)
The pair TROYBTC increases by 5.000000000000004% the last 15 seconds. (2021-02-14T01:37:11.166Z) (0.00000021)
The pair STPTBTC increases by 1.333333333333342% the last 15 seconds. (2021-02-14T01:37:11.167Z) (0.00000076)
The pair FUNBTC increases by 1.1363636363636243% the last 15 seconds. (2021-02-14T01:37:11.342Z) (0.00000089)
The pair SCBTC increases by 3.703703703703698% the last 15 seconds. (2021-02-14T01:37:11.342Z) (0.00000028)
The pair CHZBTC increases by 1.2987012987013102% the last 15 seconds. (2021-02-14T01:37:11.343Z) (0.00000078)
The pair TROYBTC increases by 5.000000000000004% the last 15 seconds. (2021-02-14T01:37:11.343Z) (0.00000021)
The pair STPTBTC increases by 1.333333333333342% the last 15 seconds. (2021-02-14T01:37:11.343Z) (0.00000076)
The pair FUNBTC increases by 1.1363636363636243% the last 15 seconds. (2021-02-14T01:37:11.558Z) (0.00000089)
The pair SCBTC increases by 3.703703703703698% the last 15 seconds. (2021-02-14T01:37:11.559Z) (0.00000028)
The pair CHZBTC increases by 1.2987012987013102% the last 15 seconds. (2021-02-14T01:37:11.559Z) (0.00000078)
The pair TROYBTC increases by 5.000000000000004% the last 15 seconds. (2021-02-14T01:37:11.559Z) (0.00000021)
The pair STPTBTC increases by 1.333333333333342% the last 15 seconds. (2021-02-14T01:37:11.559Z) (0.00000076)
The pair FUNBTC increases by 1.1363636363636243% the last 15 seconds. (2021-02-14T01:37:11.765Z) (0.00000089)
The pair SCBTC increases by 3.703703703703698% the last 15 seconds. (2021-02-14T01:37:11.765Z) (0.00000028)
The pair CHZBTC increases by 1.2987012987013102% the last 15 seconds. (2021-02-14T01:37:11.766Z) (0.00000078)
The pair TROYBTC increases by 5.000000000000004% the last 15 seconds. (2021-02-14T01:37:11.766Z) (0.00000021)
The pair STPTBTC increases by 1.333333333333342% the last 15 seconds. (2021-02-14T01:37:11.766Z) (0.00000076)
The pair FUNBTC increases by 1.1363636363636243% the last 15 seconds. (2021-02-14T01:37:11.802Z) (0.00000089)
The pair SCBTC increases by 3.703703703703698% the last 15 seconds. (2021-02-14T01:37:11.802Z) (0.00000028)
The pair CHZBTC increases by 1.2987012987013102% the last 15 seconds. (2021-02-14T01:37:11.802Z) (0.00000078)
The pair TROYBTC increases by 5.000000000000004% the last 15 seconds. (2021-02-14T01:37:11.803Z) (0.00000021)
The pair STPTBTC increases by 1.333333333333342% the last 15 seconds. (2021-02-14T01:37:11.803Z) (0.00000076)
The pair FUNBTC increases by 1.1363636363636243% the last 15 seconds. (2021-02-14T01:37:11.932Z) (0.00000089)
The pair CHZBTC increases by 1.2987012987013102% the last 15 seconds. (2021-02-14T01:37:11.932Z) (0.00000078)
The pair TROYBTC increases by 5.000000000000004% the last 15 seconds. (2021-02-14T01:37:11.932Z) (0.00000021)
The pair STPTBTC increases by 1.333333333333342% the last 15 seconds. (2021-02-14T01:37:11.932Z) (0.00000076)
The pair SANDBTC increases by 1.1520737327189057% the last 15 seconds. (2021-02-14T01:37:11.932Z) (0.00000439)
The pair FUNBTC increases by 1.1363636363636243% the last 15 seconds. (2021-02-14T01:37:12.086Z) (0.00000089)
The pair CHZBTC increases by 1.2987012987013102% the last 15 seconds. (2021-02-14T01:37:12.087Z) (0.00000078)
The pair TROYBTC increases by 5.000000000000004% the last 15 seconds. (2021-02-14T01:37:12.087Z) (0.00000021)
The pair STPTBTC increases by 1.333333333333342% the last 15 seconds. (2021-02-14T01:37:12.088Z) (0.00000076)
The pair SANDBTC increases by 1.1520737327189057% the last 15 seconds. (2021-02-14T01:37:12.088Z) (0.00000439)
The pair FUNBTC increases by 1.1363636363636243% the last 15 seconds. (2021-02-14T01:37:12.164Z) (0.00000089)
The pair CHZBTC increases by 1.2987012987013102% the last 15 seconds. (2021-02-14T01:37:12.164Z) (0.00000078)
The pair TROYBTC increases by 5.000000000000004% the last 15 seconds. (2021-02-14T01:37:12.165Z) (0.00000021)
The pair STPTBTC increases by 1.333333333333342% the last 15 seconds. (2021-02-14T01:37:12.165Z) (0.00000076)
The pair SANDBTC increases by 1.1520737327189057% the last 15 seconds. (2021-02-14T01:37:12.165Z) (0.00000439)
The pair FUNBTC increases by 1.1363636363636243% the last 15 seconds. (2021-02-14T01:37:12.183Z) (0.00000089)
The pair CHZBTC increases by 1.2987012987013102% the last 15 seconds. (2021-02-14T01:37:12.183Z) (0.00000078)
The pair TROYBTC increases by 5.000000000000004% the last 15 seconds. (2021-02-14T01:37:12.183Z) (0.00000021)
The pair STPTBTC increases by 1.333333333333342% the last 15 seconds. (2021-02-14T01:37:12.183Z) (0.00000076)
The pair SANDBTC increases by 1.1520737327189057% the last 15 seconds. (2021-02-14T01:37:12.183Z) (0.00000439)
The pair FUNBTC increases by 1.1363636363636243% the last 15 seconds. (2021-02-14T01:37:12.325Z) (0.00000089)
The pair CHZBTC increases by 1.2987012987013102% the last 15 seconds. (2021-02-14T01:37:12.326Z) (0.00000078)
The pair TROYBTC increases by 5.000000000000004% the last 15 seconds. (2021-02-14T01:37:12.326Z) (0.00000021)
The pair STPTBTC increases by 1.333333333333342% the last 15 seconds. (2021-02-14T01:37:12.326Z) (0.00000076)
The pair FUNBTC increases by 1.1363636363636243% the last 15 seconds. (2021-02-14T01:37:12.536Z) (0.00000089)
The pair CHZBTC increases by 1.2987012987013102% the last 15 seconds. (2021-02-14T01:37:12.536Z) (0.00000078)
The pair TROYBTC increases by 5.000000000000004% the last 15 seconds. (2021-02-14T01:37:12.536Z) (0.00000021)
The pair STPTBTC increases by 1.333333333333342% the last 15 seconds. (2021-02-14T01:37:12.536Z) (0.00000076)
The pair FUNBTC increases by 1.1363636363636243% the last 15 seconds. (2021-02-14T01:37:12.752Z) (0.00000089)
The pair CHZBTC increases by 1.2987012987013102% the last 15 seconds. (2021-02-14T01:37:12.752Z) (0.00000078)
The pair TROYBTC increases by 5.000000000000004% the last 15 seconds. (2021-02-14T01:37:12.752Z) (0.00000021)
The pair STPTBTC increases by 1.333333333333342% the last 15 seconds. (2021-02-14T01:37:12.752Z) (0.00000076)
The pair SANDBTC increases by 1.382488479262678% the last 15 seconds. (2021-02-14T01:37:12.752Z) (0.00000440)
The pair FUNBTC increases by 1.1363636363636243% the last 15 seconds. (2021-02-14T01:37:12.922Z) (0.00000089)
The pair CHZBTC increases by 1.2987012987013102% the last 15 seconds. (2021-02-14T01:37:12.922Z) (0.00000078)
The pair TROYBTC increases by 5.000000000000004% the last 15 seconds. (2021-02-14T01:37:12.923Z) (0.00000021)
The pair STPTBTC increases by 1.333333333333342% the last 15 seconds. (2021-02-14T01:37:12.923Z) (0.00000076)
The pair SANDBTC increases by 1.1520737327189057% the last 15 seconds. (2021-02-14T01:37:12.923Z) (0.00000439)
The pair FUNBTC increases by 1.1363636363636243% the last 15 seconds. (2021-02-14T01:37:13.164Z) (0.00000089)
The pair CHZBTC increases by 1.2987012987013102% the last 15 seconds. (2021-02-14T01:37:13.165Z) (0.00000078)
The pair TROYBTC increases by 5.000000000000004% the last 15 seconds. (2021-02-14T01:37:13.165Z) (0.00000021)
The pair STPTBTC increases by 1.333333333333342% the last 15 seconds. (2021-02-14T01:37:13.165Z) (0.00000076)
The pair SANDBTC increases by 1.1520737327189057% the last 15 seconds. (2021-02-14T01:37:13.165Z) (0.00000439)
The pair FUNBTC increases by 1.1363636363636243% the last 15 seconds. (2021-02-14T01:37:13.351Z) (0.00000089)
The pair CHZBTC increases by 1.2987012987013102% the last 15 seconds. (2021-02-14T01:37:13.351Z) (0.00000078)
The pair TROYBTC increases by 5.000000000000004% the last 15 seconds. (2021-02-14T01:37:13.353Z) (0.00000021)
The pair STPTBTC increases by 1.333333333333342% the last 15 seconds. (2021-02-14T01:37:13.353Z) (0.00000076)
The pair SANDBTC increases by 1.6129032258064502% the last 15 seconds. (2021-02-14T01:37:13.353Z) (0.00000441)
The pair FUNBTC increases by 1.1363636363636243% the last 15 seconds. (2021-02-14T01:37:13.523Z) (0.00000089)
The pair CHZBTC increases by 1.2987012987013102% the last 15 seconds. (2021-02-14T01:37:13.523Z) (0.00000078)
The pair TROYBTC increases by 5.000000000000004% the last 15 seconds. (2021-02-14T01:37:13.524Z) (0.00000021)
The pair STPTBTC increases by 1.333333333333342% the last 15 seconds. (2021-02-14T01:37:13.524Z) (0.00000076)
The pair SANDBTC increases by 1.6129032258064502% the last 15 seconds. (2021-02-14T01:37:13.524Z) (0.00000441)
The pair FUNBTC increases by 1.1363636363636243% the last 15 seconds. (2021-02-14T01:37:13.775Z) (0.00000089)
The pair CHZBTC increases by 1.2987012987013102% the last 15 seconds. (2021-02-14T01:37:13.776Z) (0.00000078)
The pair TROYBTC increases by 5.000000000000004% the last 15 seconds. (2021-02-14T01:37:13.776Z) (0.00000021)
The pair STPTBTC increases by 1.333333333333342% the last 15 seconds. (2021-02-14T01:37:13.776Z) (0.00000076)
The pair SANDBTC increases by 1.6129032258064502% the last 15 seconds. (2021-02-14T01:37:13.777Z) (0.00000441)
The pair FUNBTC increases by 1.1363636363636243% the last 15 seconds. (2021-02-14T01:37:13.947Z) (0.00000089)
The pair CHZBTC increases by 1.2987012987013102% the last 15 seconds. (2021-02-14T01:37:13.947Z) (0.00000078)
The pair TROYBTC increases by 5.000000000000004% the last 15 seconds. (2021-02-14T01:37:13.948Z) (0.00000021)
The pair STPTBTC increases by 1.333333333333342% the last 15 seconds. (2021-02-14T01:37:13.948Z) (0.00000076)
The pair SANDBTC increases by 1.6129032258064502% the last 15 seconds. (2021-02-14T01:37:13.948Z) (0.00000441)
The pair FUNBTC increases by 1.1363636363636243% the last 15 seconds. (2021-02-14T01:37:14.127Z) (0.00000089)
The pair CHZBTC increases by 1.2987012987013102% the last 15 seconds. (2021-02-14T01:37:14.127Z) (0.00000078)
The pair TROYBTC increases by 5.000000000000004% the last 15 seconds. (2021-02-14T01:37:14.127Z) (0.00000021)
The pair STPTBTC increases by 1.333333333333342% the last 15 seconds. (2021-02-14T01:37:14.128Z) (0.00000076)
The pair SANDBTC increases by 1.6129032258064502% the last 15 seconds. (2021-02-14T01:37:14.128Z) (0.00000441)
The pair FUNBTC increases by 1.1363636363636243% the last 15 seconds. (2021-02-14T01:37:14.332Z) (0.00000089)
The pair CHZBTC increases by 1.2987012987013102% the last 15 seconds. (2021-02-14T01:37:14.332Z) (0.00000078)
The pair TROYBTC increases by 5.000000000000004% the last 15 seconds. (2021-02-14T01:37:14.333Z) (0.00000021)
The pair STPTBTC increases by 1.333333333333342% the last 15 seconds. (2021-02-14T01:37:14.333Z) (0.00000076)
The pair SANDBTC increases by 1.6129032258064502% the last 15 seconds. (2021-02-14T01:37:14.333Z) (0.00000441)
The pair FUNBTC increases by 1.1363636363636243% the last 15 seconds. (2021-02-14T01:37:14.559Z) (0.00000089)
The pair CHZBTC increases by 1.2987012987013102% the last 15 seconds. (2021-02-14T01:37:14.559Z) (0.00000078)
The pair TROYBTC increases by 5.000000000000004% the last 15 seconds. (2021-02-14T01:37:14.560Z) (0.00000021)
The pair STPTBTC increases by 1.333333333333342% the last 15 seconds. (2021-02-14T01:37:14.560Z) (0.00000076)
The pair SANDBTC increases by 1.6129032258064502% the last 15 seconds. (2021-02-14T01:37:14.560Z) (0.00000441)
The pair FUNBTC increases by 1.1363636363636243% the last 15 seconds. (2021-02-14T01:37:14.788Z) (0.00000089)
The pair CHZBTC increases by 1.2987012987013102% the last 15 seconds. (2021-02-14T01:37:14.788Z) (0.00000078)
The pair TROYBTC increases by 5.000000000000004% the last 15 seconds. (2021-02-14T01:37:14.789Z) (0.00000021)
The pair STPTBTC increases by 1.333333333333342% the last 15 seconds. (2021-02-14T01:37:14.789Z) (0.00000076)
The pair SANDBTC increases by 1.6129032258064502% the last 15 seconds. (2021-02-14T01:37:14.789Z) (0.00000441)
The pair FUNBTC increases by 1.1363636363636243% the last 15 seconds. (2021-02-14T01:37:14.966Z) (0.00000089)
The pair CHZBTC increases by 1.2987012987013102% the last 15 seconds. (2021-02-14T01:37:14.966Z) (0.00000078)
The pair TROYBTC increases by 5.000000000000004% the last 15 seconds. (2021-02-14T01:37:14.966Z) (0.00000021)
The pair STPTBTC increases by 1.333333333333342% the last 15 seconds. (2021-02-14T01:37:14.967Z) (0.00000076)
The pair SANDBTC increases by 1.6129032258064502% the last 15 seconds. (2021-02-14T01:37:14.967Z) (0.00000441)
The pair FUNBTC increases by 1.1363636363636243% the last 15 seconds. (2021-02-14T01:37:15.138Z) (0.00000089)
The pair CHZBTC increases by 1.2987012987013102% the last 15 seconds. (2021-02-14T01:37:15.138Z) (0.00000078)
The pair TROYBTC increases by 5.000000000000004% the last 15 seconds. (2021-02-14T01:37:15.139Z) (0.00000021)
The pair STPTBTC increases by 1.333333333333342% the last 15 seconds. (2021-02-14T01:37:15.139Z) (0.00000076)
The pair SANDBTC increases by 1.6129032258064502% the last 15 seconds. (2021-02-14T01:37:15.139Z) (0.00000441)
The pair FUNBTC increases by 1.1363636363636243% the last 15 seconds. (2021-02-14T01:37:15.343Z) (0.00000089)
The pair CHZBTC increases by 1.2987012987013102% the last 15 seconds. (2021-02-14T01:37:15.343Z) (0.00000078)
The pair TROYBTC increases by 5.000000000000004% the last 15 seconds. (2021-02-14T01:37:15.344Z) (0.00000021)
The pair STPTBTC increases by 1.333333333333342% the last 15 seconds. (2021-02-14T01:37:15.344Z) (0.00000076)
The pair SANDBTC increases by 1.382488479262678% the last 15 seconds. (2021-02-14T01:37:15.344Z) (0.00000440)
The pair FUNBTC increases by 1.1363636363636243% the last 15 seconds. (2021-02-14T01:37:15.566Z) (0.00000089)
The pair CHZBTC increases by 1.2987012987013102% the last 15 seconds. (2021-02-14T01:37:15.566Z) (0.00000078)
The pair TROYBTC increases by 5.000000000000004% the last 15 seconds. (2021-02-14T01:37:15.567Z) (0.00000021)
The pair STPTBTC increases by 1.333333333333342% the last 15 seconds. (2021-02-14T01:37:15.567Z) (0.00000076)
The pair SANDBTC increases by 1.382488479262678% the last 15 seconds. (2021-02-14T01:37:15.567Z) (0.00000440)
The pair FUNBTC increases by 1.1363636363636243% the last 15 seconds. (2021-02-14T01:37:15.764Z) (0.00000089)
The pair CHZBTC increases by 1.2987012987013102% the last 15 seconds. (2021-02-14T01:37:15.764Z) (0.00000078)
The pair TROYBTC increases by 5.000000000000004% the last 15 seconds. (2021-02-14T01:37:15.765Z) (0.00000021)
The pair STPTBTC increases by 1.333333333333342% the last 15 seconds. (2021-02-14T01:37:15.765Z) (0.00000076)
The pair SANDBTC increases by 1.382488479262678% the last 15 seconds. (2021-02-14T01:37:15.765Z) (0.00000440)
The pair FUNBTC increases by 1.1363636363636243% the last 15 seconds. (2021-02-14T01:37:15.983Z) (0.00000089)
The pair CHZBTC increases by 1.2987012987013102% the last 15 seconds. (2021-02-14T01:37:15.983Z) (0.00000078)
The pair TROYBTC increases by 5.000000000000004% the last 15 seconds. (2021-02-14T01:37:15.983Z) (0.00000021)
The pair STPTBTC increases by 1.333333333333342% the last 15 seconds. (2021-02-14T01:37:15.983Z) (0.00000076)
The pair SANDBTC increases by 1.6129032258064502% the last 15 seconds. (2021-02-14T01:37:15.984Z) (0.00000441)
The pair FUNBTC increases by 1.1363636363636243% the last 15 seconds. (2021-02-14T01:37:16.165Z) (0.00000089)
The pair CHZBTC increases by 1.2987012987013102% the last 15 seconds. (2021-02-14T01:37:16.165Z) (0.00000078)
The pair TROYBTC increases by 5.000000000000004% the last 15 seconds. (2021-02-14T01:37:16.166Z) (0.00000021)
The pair STPTBTC increases by 1.333333333333342% the last 15 seconds. (2021-02-14T01:37:16.166Z) (0.00000076)
The pair SANDBTC increases by 1.6129032258064502% the last 15 seconds. (2021-02-14T01:37:16.166Z) (0.00000441)
The pair FUNBTC increases by 1.1363636363636243% the last 15 seconds. (2021-02-14T01:37:16.355Z) (0.00000089)
The pair CHZBTC increases by 1.2987012987013102% the last 15 seconds. (2021-02-14T01:37:16.355Z) (0.00000078)
The pair TROYBTC increases by 5.000000000000004% the last 15 seconds. (2021-02-14T01:37:16.356Z) (0.00000021)
The pair STPTBTC increases by 1.333333333333342% the last 15 seconds. (2021-02-14T01:37:16.356Z) (0.00000076)
The pair SANDBTC increases by 1.6129032258064502% the last 15 seconds. (2021-02-14T01:37:16.357Z) (0.00000441)
The pair FUNBTC increases by 1.1363636363636243% the last 15 seconds. (2021-02-14T01:37:16.548Z) (0.00000089)
The pair CHZBTC increases by 1.2987012987013102% the last 15 seconds. (2021-02-14T01:37:16.548Z) (0.00000078)
The pair TROYBTC increases by 5.000000000000004% the last 15 seconds. (2021-02-14T01:37:16.549Z) (0.00000021)
The pair STPTBTC increases by 1.333333333333342% the last 15 seconds. (2021-02-14T01:37:16.549Z) (0.00000076)
The pair SANDBTC increases by 1.382488479262678% the last 15 seconds. (2021-02-14T01:37:16.549Z) (0.00000440)
The pair FUNBTC increases by 1.1363636363636243% the last 15 seconds. (2021-02-14T01:37:16.767Z) (0.00000089)
The pair CHZBTC increases by 1.2987012987013102% the last 15 seconds. (2021-02-14T01:37:16.767Z) (0.00000078)
The pair TROYBTC increases by 5.000000000000004% the last 15 seconds. (2021-02-14T01:37:16.767Z) (0.00000021)
The pair STPTBTC increases by 1.333333333333342% the last 15 seconds. (2021-02-14T01:37:16.767Z) (0.00000076)
The pair SANDBTC increases by 1.382488479262678% the last 15 seconds. (2021-02-14T01:37:16.768Z) (0.00000440)
The pair FUNBTC increases by 1.1363636363636243% the last 15 seconds. (2021-02-14T01:37:16.969Z) (0.00000089)
The pair CHZBTC increases by 1.2987012987013102% the last 15 seconds. (2021-02-14T01:37:16.969Z) (0.00000078)
The pair TROYBTC increases by 5.000000000000004% the last 15 seconds. (2021-02-14T01:37:16.970Z) (0.00000021)
The pair STPTBTC increases by 1.333333333333342% the last 15 seconds. (2021-02-14T01:37:16.970Z) (0.00000076)
The pair SANDBTC increases by 1.382488479262678% the last 15 seconds. (2021-02-14T01:37:16.970Z) (0.00000440)
The pair FUNBTC increases by 1.1363636363636243% the last 15 seconds. (2021-02-14T01:37:17.183Z) (0.00000089)
The pair CHZBTC increases by 1.2987012987013102% the last 15 seconds. (2021-02-14T01:37:17.183Z) (0.00000078)
The pair TROYBTC increases by 5.000000000000004% the last 15 seconds. (2021-02-14T01:37:17.184Z) (0.00000021)
The pair STPTBTC increases by 1.333333333333342% the last 15 seconds. (2021-02-14T01:37:17.184Z) (0.00000076)
The pair SANDBTC increases by 1.382488479262678% the last 15 seconds. (2021-02-14T01:37:17.184Z) (0.00000440)
The pair FUNBTC increases by 1.1363636363636243% the last 15 seconds. (2021-02-14T01:37:17.422Z) (0.00000089)
The pair CHZBTC increases by 1.2987012987013102% the last 15 seconds. (2021-02-14T01:37:17.423Z) (0.00000078)
The pair TROYBTC increases by 5.000000000000004% the last 15 seconds. (2021-02-14T01:37:17.423Z) (0.00000021)
The pair STPTBTC increases by 1.333333333333342% the last 15 seconds. (2021-02-14T01:37:17.423Z) (0.00000076)
The pair SANDBTC increases by 1.382488479262678% the last 15 seconds. (2021-02-14T01:37:17.423Z) (0.00000440)
The pair FUNBTC increases by 1.1363636363636243% the last 15 seconds. (2021-02-14T01:37:17.609Z) (0.00000089)
The pair CHZBTC increases by 1.2987012987013102% the last 15 seconds. (2021-02-14T01:37:17.609Z) (0.00000078)
The pair TROYBTC increases by 5.000000000000004% the last 15 seconds. (2021-02-14T01:37:17.610Z) (0.00000021)
The pair STPTBTC increases by 1.333333333333342% the last 15 seconds. (2021-02-14T01:37:17.610Z) (0.00000076)
The pair SANDBTC increases by 1.382488479262678% the last 15 seconds. (2021-02-14T01:37:17.610Z) (0.00000440)
The pair FUNBTC increases by 1.1363636363636243% the last 15 seconds. (2021-02-14T01:37:17.786Z) (0.00000089)
The pair CHZBTC increases by 1.2987012987013102% the last 15 seconds. (2021-02-14T01:37:17.786Z) (0.00000078)
The pair TROYBTC increases by 5.000000000000004% the last 15 seconds. (2021-02-14T01:37:17.787Z) (0.00000021)
The pair STPTBTC increases by 1.333333333333342% the last 15 seconds. (2021-02-14T01:37:17.787Z) (0.00000076)
The pair SANDBTC increases by 1.382488479262678% the last 15 seconds. (2021-02-14T01:37:17.787Z) (0.00000440)
The pair FUNBTC increases by 1.1363636363636243% the last 15 seconds. (2021-02-14T01:37:17.968Z) (0.00000089)
The pair CHZBTC increases by 1.2987012987013102% the last 15 seconds. (2021-02-14T01:37:17.968Z) (0.00000078)
The pair TROYBTC increases by 5.000000000000004% the last 15 seconds. (2021-02-14T01:37:17.969Z) (0.00000021)
The pair STPTBTC increases by 1.333333333333342% the last 15 seconds. (2021-02-14T01:37:17.969Z) (0.00000076)
The pair SANDBTC increases by 1.382488479262678% the last 15 seconds. (2021-02-14T01:37:17.969Z) (0.00000440)
The pair FUNBTC increases by 1.1363636363636243% the last 15 seconds. (2021-02-14T01:37:18.167Z) (0.00000089)
The pair CHZBTC increases by 1.2987012987013102% the last 15 seconds. (2021-02-14T01:37:18.167Z) (0.00000078)
The pair TROYBTC increases by 5.000000000000004% the last 15 seconds. (2021-02-14T01:37:18.168Z) (0.00000021)
The pair STPTBTC increases by 1.333333333333342% the last 15 seconds. (2021-02-14T01:37:18.168Z) (0.00000076)
The pair SANDBTC increases by 1.6129032258064502% the last 15 seconds. (2021-02-14T01:37:18.168Z) (0.00000441)
The pair FUNBTC increases by 1.1363636363636243% the last 15 seconds. (2021-02-14T01:37:18.375Z) (0.00000089)
The pair CHZBTC increases by 1.2987012987013102% the last 15 seconds. (2021-02-14T01:37:18.375Z) (0.00000078)
The pair TROYBTC increases by 5.000000000000004% the last 15 seconds. (2021-02-14T01:37:18.376Z) (0.00000021)
The pair SANDBTC increases by 1.6129032258064502% the last 15 seconds. (2021-02-14T01:37:18.376Z) (0.00000441)
The pair FUNBTC increases by 1.1363636363636243% the last 15 seconds. (2021-02-14T01:37:18.598Z) (0.00000089)
The pair CHZBTC increases by 1.2987012987013102% the last 15 seconds. (2021-02-14T01:37:18.599Z) (0.00000078)
The pair TROYBTC increases by 5.000000000000004% the last 15 seconds. (2021-02-14T01:37:18.599Z) (0.00000021)
The pair SANDBTC increases by 1.6129032258064502% the last 15 seconds. (2021-02-14T01:37:18.599Z) (0.00000441)
The pair FUNBTC increases by 1.1363636363636243% the last 15 seconds. (2021-02-14T01:37:18.795Z) (0.00000089)
The pair CHZBTC increases by 1.2987012987013102% the last 15 seconds. (2021-02-14T01:37:18.795Z) (0.00000078)
The pair TROYBTC increases by 5.000000000000004% the last 15 seconds. (2021-02-14T01:37:18.796Z) (0.00000021)
The pair SANDBTC increases by 1.6129032258064502% the last 15 seconds. (2021-02-14T01:37:18.796Z) (0.00000441)
The pair FUNBTC increases by 1.1363636363636243% the last 15 seconds. (2021-02-14T01:37:19.003Z) (0.00000089)
The pair CHZBTC increases by 1.2987012987013102% the last 15 seconds. (2021-02-14T01:37:19.003Z) (0.00000078)
The pair TROYBTC increases by 5.000000000000004% the last 15 seconds. (2021-02-14T01:37:19.004Z) (0.00000021)
The pair SANDBTC increases by 1.6129032258064502% the last 15 seconds. (2021-02-14T01:37:19.004Z) (0.00000441)
The pair FUNBTC increases by 1.1363636363636243% the last 15 seconds. (2021-02-14T01:37:19.184Z) (0.00000089)
The pair CHZBTC increases by 1.2987012987013102% the last 15 seconds. (2021-02-14T01:37:19.185Z) (0.00000078)
The pair TROYBTC increases by 5.000000000000004% the last 15 seconds. (2021-02-14T01:37:19.185Z) (0.00000021)
The pair SANDBTC increases by 1.6129032258064502% the last 15 seconds. (2021-02-14T01:37:19.185Z) (0.00000441)
The pair FUNBTC increases by 1.1363636363636243% the last 15 seconds. (2021-02-14T01:37:19.385Z) (0.00000089)
The pair CHZBTC increases by 1.2987012987013102% the last 15 seconds. (2021-02-14T01:37:19.386Z) (0.00000078)
The pair TROYBTC increases by 5.000000000000004% the last 15 seconds. (2021-02-14T01:37:19.386Z) (0.00000021)
The pair SANDBTC increases by 1.379310344827589% the last 15 seconds. (2021-02-14T01:37:19.386Z) (0.00000441)
The pair FUNBTC increases by 1.1363636363636243% the last 15 seconds. (2021-02-14T01:37:19.588Z) (0.00000089)
The pair CHZBTC increases by 1.2987012987013102% the last 15 seconds. (2021-02-14T01:37:19.588Z) (0.00000078)
The pair TROYBTC increases by 5.000000000000004% the last 15 seconds. (2021-02-14T01:37:19.589Z) (0.00000021)
The pair FUNBTC increases by 1.1363636363636243% the last 15 seconds. (2021-02-14T01:37:20.000Z) (0.00000089)
The pair CHZBTC increases by 1.2987012987013102% the last 15 seconds. (2021-02-14T01:37:20.001Z) (0.00000078)
The pair TROYBTC increases by 5.000000000000004% the last 15 seconds. (2021-02-14T01:37:20.001Z) (0.00000021)
The pair SANDBTC increases by 1.3761467889908285% the last 15 seconds. (2021-02-14T01:37:20.001Z) (0.00000442)
The pair FUNBTC increases by 1.1363636363636243% the last 15 seconds. (2021-02-14T01:37:20.231Z) (0.00000089)
The pair CHZBTC increases by 1.2987012987013102% the last 15 seconds. (2021-02-14T01:37:20.231Z) (0.00000078)
The pair TROYBTC increases by 5.000000000000004% the last 15 seconds. (2021-02-14T01:37:20.231Z) (0.00000021)
The pair SANDBTC increases by 1.1467889908256979% the last 15 seconds. (2021-02-14T01:37:20.232Z) (0.00000441)
The pair FUNBTC increases by 1.1363636363636243% the last 15 seconds. (2021-02-14T01:37:20.251Z) (0.00000089)
The pair CHZBTC increases by 1.2987012987013102% the last 15 seconds. (2021-02-14T01:37:20.251Z) (0.00000078)
The pair TROYBTC increases by 5.000000000000004% the last 15 seconds. (2021-02-14T01:37:20.251Z) (0.00000021)
The pair FUNBTC increases by 1.1363636363636243% the last 15 seconds. (2021-02-14T01:37:20.395Z) (0.00000089)
The pair CHZBTC increases by 1.2987012987013102% the last 15 seconds. (2021-02-14T01:37:20.395Z) (0.00000078)
The pair SANDBTC increases by 1.1467889908256979% the last 15 seconds. (2021-02-14T01:37:21.007Z) (0.00000441)
The pair SANDBTC increases by 1.1467889908256979% the last 15 seconds. (2021-02-14T01:37:21.231Z) (0.00000441)
The pair XVGBTC increases by 1.6949152542372836% the last 15 seconds. (2021-02-14T01:37:26.407Z) (0.00000060)
The pair XVGBTC increases by 1.6949152542372836% the last 15 seconds. (2021-02-14T01:37:26.608Z) (0.00000060)
The pair XVGBTC increases by 1.6949152542372836% the last 15 seconds. (2021-02-14T01:37:26.701Z) (0.00000060)
The pair XVGBTC increases by 1.6949152542372836% the last 15 seconds. (2021-02-14T01:37:26.900Z) (0.00000060)
The pair XVGBTC increases by 1.6949152542372836% the last 15 seconds. (2021-02-14T01:37:27.081Z) (0.00000060)
The pair XVGBTC increases by 1.6949152542372836% the last 15 seconds. (2021-02-14T01:37:27.292Z) (0.00000060)
The pair XVGBTC increases by 1.6949152542372836% the last 15 seconds. (2021-02-14T01:37:27.491Z) (0.00000060)
The pair XVGBTC increases by 1.6949152542372836% the last 15 seconds. (2021-02-14T01:37:27.689Z) (0.00000060)
The pair XVGBTC increases by 1.6949152542372836% the last 15 seconds. (2021-02-14T01:37:27.890Z) (0.00000060)
The pair ONEBTC increases by 1.3698630136986356% the last 15 seconds. (2021-02-14T01:37:27.890Z) (0.00000074)
The pair XVGBTC increases by 1.6949152542372836% the last 15 seconds. (2021-02-14T01:37:28.099Z) (0.00000060)
The pair ONEBTC increases by 1.3698630136986356% the last 15 seconds. (2021-02-14T01:37:28.100Z) (0.00000074)
The pair XVGBTC increases by 1.6949152542372836% the last 15 seconds. (2021-02-14T01:37:28.306Z) (0.00000060)
The pair AMBBTC increases by 1.1363636363636243% the last 15 seconds. (2021-02-14T01:37:28.307Z) (0.00000089)
The pair ONEBTC increases by 1.3698630136986356% the last 15 seconds. (2021-02-14T01:37:28.307Z) (0.00000074)
The pair XVGBTC increases by 1.6949152542372836% the last 15 seconds. (2021-02-14T01:37:28.503Z) (0.00000060)
The pair AMBBTC increases by 1.1363636363636243% the last 15 seconds. (2021-02-14T01:37:28.504Z) (0.00000089)
The pair ONEBTC increases by 1.3698630136986356% the last 15 seconds. (2021-02-14T01:37:28.504Z) (0.00000074)
The pair XVGBTC increases by 1.6949152542372836% the last 15 seconds. (2021-02-14T01:37:28.706Z) (0.00000060)
The pair AMBBTC increases by 1.1363636363636243% the last 15 seconds. (2021-02-14T01:37:28.706Z) (0.00000089)
The pair ONEBTC increases by 1.3698630136986356% the last 15 seconds. (2021-02-14T01:37:28.707Z) (0.00000074)
The pair XVGBTC increases by 1.6949152542372836% the last 15 seconds. (2021-02-14T01:37:28.908Z) (0.00000060)
The pair AMBBTC increases by 1.1363636363636243% the last 15 seconds. (2021-02-14T01:37:28.908Z) (0.00000089)
The pair ONEBTC increases by 1.3698630136986356% the last 15 seconds. (2021-02-14T01:37:28.909Z) (0.00000074)
The pair XVGBTC increases by 1.6949152542372836% the last 15 seconds. (2021-02-14T01:37:29.112Z) (0.00000060)
The pair AMBBTC increases by 1.1363636363636243% the last 15 seconds. (2021-02-14T01:37:29.113Z) (0.00000089)
The pair ONEBTC increases by 1.3698630136986356% the last 15 seconds. (2021-02-14T01:37:29.113Z) (0.00000074)
The pair XVGBTC increases by 1.6949152542372836% the last 15 seconds. (2021-02-14T01:37:29.322Z) (0.00000060)
The pair AMBBTC increases by 1.1363636363636243% the last 15 seconds. (2021-02-14T01:37:29.322Z) (0.00000089)
The pair ONEBTC increases by 1.3698630136986356% the last 15 seconds. (2021-02-14T01:37:29.322Z) (0.00000074)
The pair XVGBTC increases by 1.6949152542372836% the last 15 seconds. (2021-02-14T01:37:29.519Z) (0.00000060)
The pair AMBBTC increases by 1.1363636363636243% the last 15 seconds. (2021-02-14T01:37:29.520Z) (0.00000089)
The pair ONEBTC increases by 1.3698630136986356% the last 15 seconds. (2021-02-14T01:37:29.520Z) (0.00000074)
The pair XVGBTC increases by 1.6949152542372836% the last 15 seconds. (2021-02-14T01:37:29.725Z) (0.00000060)
The pair AMBBTC increases by 1.1363636363636243% the last 15 seconds. (2021-02-14T01:37:29.725Z) (0.00000089)
The pair ONEBTC increases by 1.3698630136986356% the last 15 seconds. (2021-02-14T01:37:29.726Z) (0.00000074)
The pair XVGBTC increases by 1.6949152542372836% the last 15 seconds. (2021-02-14T01:37:29.934Z) (0.00000060)
The pair AMBBTC increases by 1.1363636363636243% the last 15 seconds. (2021-02-14T01:37:29.935Z) (0.00000089)
The pair ONEBTC increases by 1.3698630136986356% the last 15 seconds. (2021-02-14T01:37:29.935Z) (0.00000074)
The pair XVGBTC increases by 1.6949152542372836% the last 15 seconds. (2021-02-14T01:37:30.128Z) (0.00000060)
The pair AMBBTC increases by 1.1363636363636243% the last 15 seconds. (2021-02-14T01:37:30.129Z) (0.00000089)
The pair ONEBTC increases by 1.3698630136986356% the last 15 seconds. (2021-02-14T01:37:30.129Z) (0.00000074)
The pair DREPBTC increases by 5.882352941176472% the last 15 seconds. (2021-02-14T01:37:30.129Z) (0.00000018)
The pair XVGBTC increases by 1.6949152542372836% the last 15 seconds. (2021-02-14T01:37:30.323Z) (0.00000060)
The pair AMBBTC increases by 1.1363636363636243% the last 15 seconds. (2021-02-14T01:37:30.323Z) (0.00000089)
The pair ONEBTC increases by 1.3698630136986356% the last 15 seconds. (2021-02-14T01:37:30.324Z) (0.00000074)
The pair DREPBTC increases by 5.882352941176472% the last 15 seconds. (2021-02-14T01:37:30.324Z) (0.00000018)
The pair XVGBTC increases by 1.6949152542372836% the last 15 seconds. (2021-02-14T01:37:30.528Z) (0.00000060)
The pair AMBBTC increases by 1.1363636363636243% the last 15 seconds. (2021-02-14T01:37:30.529Z) (0.00000089)
The pair ONEBTC increases by 1.3698630136986356% the last 15 seconds. (2021-02-14T01:37:30.529Z) (0.00000074)
The pair DREPBTC increases by 5.882352941176472% the last 15 seconds. (2021-02-14T01:37:30.529Z) (0.00000018)
The pair XVGBTC increases by 1.6949152542372836% the last 15 seconds. (2021-02-14T01:37:30.737Z) (0.00000060)
The pair AMBBTC increases by 1.1363636363636243% the last 15 seconds. (2021-02-14T01:37:30.737Z) (0.00000089)
The pair ONEBTC increases by 1.3698630136986356% the last 15 seconds. (2021-02-14T01:37:30.738Z) (0.00000074)
The pair ANKRBTC increases by 1.9607843137254832% the last 15 seconds. (2021-02-14T01:37:30.738Z) (0.00000052)
The pair DREPBTC increases by 5.882352941176472% the last 15 seconds. (2021-02-14T01:37:30.738Z) (0.00000018)
The pair XVGBTC increases by 1.6949152542372836% the last 15 seconds. (2021-02-14T01:37:31.140Z) (0.00000060)
The pair AMBBTC increases by 1.1363636363636243% the last 15 seconds. (2021-02-14T01:37:31.140Z) (0.00000089)
The pair ONEBTC increases by 1.3698630136986356% the last 15 seconds. (2021-02-14T01:37:31.141Z) (0.00000074)
The pair ANKRBTC increases by 1.9607843137254832% the last 15 seconds. (2021-02-14T01:37:31.141Z) (0.00000052)
The pair DREPBTC increases by 5.882352941176472% the last 15 seconds. (2021-02-14T01:37:31.141Z) (0.00000018)
The pair XVGBTC increases by 1.6949152542372836% the last 15 seconds. (2021-02-14T01:37:31.360Z) (0.00000060)
The pair AMBBTC increases by 1.1363636363636243% the last 15 seconds. (2021-02-14T01:37:31.361Z) (0.00000089)
The pair ANKRBTC increases by 1.9607843137254832% the last 15 seconds. (2021-02-14T01:37:31.362Z) (0.00000052)
The pair DREPBTC increases by 5.882352941176472% the last 15 seconds. (2021-02-14T01:37:31.362Z) (0.00000018)
The pair XVGBTC increases by 1.6949152542372836% the last 15 seconds. (2021-02-14T01:37:31.380Z) (0.00000060)
The pair AMBBTC increases by 1.1363636363636243% the last 15 seconds. (2021-02-14T01:37:31.380Z) (0.00000089)
The pair ANKRBTC increases by 1.9607843137254832% the last 15 seconds. (2021-02-14T01:37:31.380Z) (0.00000052)
The pair DREPBTC increases by 5.882352941176472% the last 15 seconds. (2021-02-14T01:37:31.380Z) (0.00000018)
The pair XVGBTC increases by 1.6949152542372836% the last 15 seconds. (2021-02-14T01:37:31.549Z) (0.00000060)
The pair AMBBTC increases by 1.1363636363636243% the last 15 seconds. (2021-02-14T01:37:31.549Z) (0.00000089)
The pair ANKRBTC increases by 1.9607843137254832% the last 15 seconds. (2021-02-14T01:37:31.550Z) (0.00000052)
The pair DREPBTC increases by 5.882352941176472% the last 15 seconds. (2021-02-14T01:37:31.550Z) (0.00000018)
The pair XVGBTC increases by 1.6949152542372836% the last 15 seconds. (2021-02-14T01:37:31.759Z) (0.00000060)
The pair AMBBTC increases by 1.1363636363636243% the last 15 seconds. (2021-02-14T01:37:31.759Z) (0.00000089)
The pair ANKRBTC increases by 1.9607843137254832% the last 15 seconds. (2021-02-14T01:37:31.760Z) (0.00000052)
The pair DREPBTC increases by 5.882352941176472% the last 15 seconds. (2021-02-14T01:37:31.760Z) (0.00000018)
The pair XVGBTC increases by 1.6949152542372836% the last 15 seconds. (2021-02-14T01:37:31.950Z) (0.00000060)
The pair AMBBTC increases by 1.1363636363636243% the last 15 seconds. (2021-02-14T01:37:31.950Z) (0.00000089)
The pair ANKRBTC increases by 1.9607843137254832% the last 15 seconds. (2021-02-14T01:37:31.951Z) (0.00000052)
The pair DREPBTC increases by 5.882352941176472% the last 15 seconds. (2021-02-14T01:37:31.951Z) (0.00000018)
The pair XVGBTC increases by 1.6949152542372836% the last 15 seconds. (2021-02-14T01:37:32.167Z) (0.00000060)
The pair AMBBTC increases by 1.1363636363636243% the last 15 seconds. (2021-02-14T01:37:32.167Z) (0.00000089)
The pair ANKRBTC increases by 1.9607843137254832% the last 15 seconds. (2021-02-14T01:37:32.168Z) (0.00000052)
The pair DREPBTC increases by 5.882352941176472% the last 15 seconds. (2021-02-14T01:37:32.168Z) (0.00000018)
The pair XVGBTC increases by 1.6949152542372836% the last 15 seconds. (2021-02-14T01:37:32.358Z) (0.00000060)
The pair AMBBTC increases by 1.1363636363636243% the last 15 seconds. (2021-02-14T01:37:32.359Z) (0.00000089)
The pair ANKRBTC increases by 1.9607843137254832% the last 15 seconds. (2021-02-14T01:37:32.359Z) (0.00000052)
The pair DREPBTC increases by 5.882352941176472% the last 15 seconds. (2021-02-14T01:37:32.359Z) (0.00000018)
The pair XVGBTC increases by 1.6949152542372836% the last 15 seconds. (2021-02-14T01:37:32.558Z) (0.00000060)
The pair AMBBTC increases by 1.1363636363636243% the last 15 seconds. (2021-02-14T01:37:32.558Z) (0.00000089)
The pair ANKRBTC increases by 1.9607843137254832% the last 15 seconds. (2021-02-14T01:37:32.559Z) (0.00000052)
The pair DREPBTC increases by 5.882352941176472% the last 15 seconds. (2021-02-14T01:37:32.559Z) (0.00000018)
The pair XVGBTC increases by 1.6949152542372836% the last 15 seconds. (2021-02-14T01:37:32.766Z) (0.00000060)
The pair AMBBTC increases by 1.1363636363636243% the last 15 seconds. (2021-02-14T01:37:32.766Z) (0.00000089)
The pair ANKRBTC increases by 1.9607843137254832% the last 15 seconds. (2021-02-14T01:37:32.767Z) (0.00000052)
The pair DREPBTC increases by 5.882352941176472% the last 15 seconds. (2021-02-14T01:37:32.767Z) (0.00000018)
The pair XVGBTC increases by 1.6949152542372836% the last 15 seconds. (2021-02-14T01:37:32.967Z) (0.00000060)
The pair AMBBTC increases by 1.1363636363636243% the last 15 seconds. (2021-02-14T01:37:32.967Z) (0.00000089)
The pair ANKRBTC increases by 1.9607843137254832% the last 15 seconds. (2021-02-14T01:37:32.968Z) (0.00000052)
The pair DREPBTC increases by 5.882352941176472% the last 15 seconds. (2021-02-14T01:37:32.968Z) (0.00000018)
The pair XVGBTC increases by 1.6949152542372836% the last 15 seconds. (2021-02-14T01:37:33.181Z) (0.00000060)
The pair AMBBTC increases by 1.1363636363636243% the last 15 seconds. (2021-02-14T01:37:33.181Z) (0.00000089)
The pair ANKRBTC increases by 1.9607843137254832% the last 15 seconds. (2021-02-14T01:37:33.182Z) (0.00000052)
The pair DREPBTC increases by 5.882352941176472% the last 15 seconds. (2021-02-14T01:37:33.182Z) (0.00000018)
The pair XVGBTC increases by 1.6949152542372836% the last 15 seconds. (2021-02-14T01:37:33.438Z) (0.00000060)
The pair AMBBTC increases by 1.1363636363636243% the last 15 seconds. (2021-02-14T01:37:33.439Z) (0.00000089)
The pair ANKRBTC increases by 1.9607843137254832% the last 15 seconds. (2021-02-14T01:37:33.439Z) (0.00000052)
The pair DREPBTC increases by 5.882352941176472% the last 15 seconds. (2021-02-14T01:37:33.439Z) (0.00000018)
The pair XVGBTC increases by 1.6949152542372836% the last 15 seconds. (2021-02-14T01:37:33.748Z) (0.00000060)
The pair AMBBTC increases by 1.1363636363636243% the last 15 seconds. (2021-02-14T01:37:33.748Z) (0.00000089)
The pair ANKRBTC increases by 1.9607843137254832% the last 15 seconds. (2021-02-14T01:37:33.749Z) (0.00000052)
The pair DREPBTC increases by 5.882352941176472% the last 15 seconds. (2021-02-14T01:37:33.749Z) (0.00000018)
The pair XVGBTC increases by 1.6949152542372836% the last 15 seconds. (2021-02-14T01:37:33.993Z) (0.00000060)
The pair AMBBTC increases by 1.1363636363636243% the last 15 seconds. (2021-02-14T01:37:33.993Z) (0.00000089)
The pair ANKRBTC increases by 1.9607843137254832% the last 15 seconds. (2021-02-14T01:37:33.993Z) (0.00000052)
The pair DREPBTC increases by 5.882352941176472% the last 15 seconds. (2021-02-14T01:37:33.994Z) (0.00000018)
The pair XVGBTC increases by 1.6949152542372836% the last 15 seconds. (2021-02-14T01:37:34.183Z) (0.00000060)
The pair AMBBTC increases by 1.1363636363636243% the last 15 seconds. (2021-02-14T01:37:34.183Z) (0.00000089)
The pair ANKRBTC increases by 1.9607843137254832% the last 15 seconds. (2021-02-14T01:37:34.184Z) (0.00000052)
The pair DREPBTC increases by 5.882352941176472% the last 15 seconds. (2021-02-14T01:37:34.184Z) (0.00000018)
The pair XVGBTC increases by 1.6949152542372836% the last 15 seconds. (2021-02-14T01:37:34.520Z) (0.00000060)
The pair AMBBTC increases by 1.1363636363636243% the last 15 seconds. (2021-02-14T01:37:34.520Z) (0.00000089)
The pair IOSTBTC increases by 1.3698630136986356% the last 15 seconds. (2021-02-14T01:37:34.520Z) (0.00000074)
The pair ANKRBTC increases by 1.9607843137254832% the last 15 seconds. (2021-02-14T01:37:34.520Z) (0.00000052)
The pair DREPBTC increases by 5.882352941176472% the last 15 seconds. (2021-02-14T01:37:34.520Z) (0.00000018)
The pair XVGBTC increases by 1.6949152542372836% the last 15 seconds. (2021-02-14T01:37:34.694Z) (0.00000060)
The pair AMBBTC increases by 1.1363636363636243% the last 15 seconds. (2021-02-14T01:37:34.694Z) (0.00000089)
The pair IOSTBTC increases by 1.3698630136986356% the last 15 seconds. (2021-02-14T01:37:34.695Z) (0.00000074)
The pair ANKRBTC increases by 1.9607843137254832% the last 15 seconds. (2021-02-14T01:37:34.695Z) (0.00000052)
The pair DREPBTC increases by 5.882352941176472% the last 15 seconds. (2021-02-14T01:37:34.695Z) (0.00000018)
The pair XVGBTC increases by 1.6949152542372836% the last 15 seconds. (2021-02-14T01:37:34.864Z) (0.00000060)
The pair AMBBTC increases by 1.1363636363636243% the last 15 seconds. (2021-02-14T01:37:34.864Z) (0.00000089)
The pair IOSTBTC increases by 1.3698630136986356% the last 15 seconds. (2021-02-14T01:37:34.865Z) (0.00000074)
The pair ANKRBTC increases by 1.9607843137254832% the last 15 seconds. (2021-02-14T01:37:34.865Z) (0.00000052)
The pair DREPBTC increases by 5.882352941176472% the last 15 seconds. (2021-02-14T01:37:34.865Z) (0.00000018)
The pair XVGBTC increases by 1.6949152542372836% the last 15 seconds. (2021-02-14T01:37:35.178Z) (0.00000060)
The pair AMBBTC increases by 1.1363636363636243% the last 15 seconds. (2021-02-14T01:37:35.178Z) (0.00000089)
The pair IOSTBTC increases by 1.3698630136986356% the last 15 seconds. (2021-02-14T01:37:35.178Z) (0.00000074)
The pair ANKRBTC increases by 1.9607843137254832% the last 15 seconds. (2021-02-14T01:37:35.178Z) (0.00000052)
The pair DREPBTC increases by 5.882352941176472% the last 15 seconds. (2021-02-14T01:37:35.178Z) (0.00000018)
The pair XVGBTC increases by 1.6949152542372836% the last 15 seconds. (2021-02-14T01:37:35.416Z) (0.00000060)
The pair AMBBTC increases by 1.1363636363636243% the last 15 seconds. (2021-02-14T01:37:35.416Z) (0.00000089)
The pair IOSTBTC increases by 1.3698630136986356% the last 15 seconds. (2021-02-14T01:37:35.417Z) (0.00000074)
The pair ONEBTC increases by 1.3698630136986356% the last 15 seconds. (2021-02-14T01:37:35.417Z) (0.00000074)
The pair ANKRBTC increases by 1.9607843137254832% the last 15 seconds. (2021-02-14T01:37:35.417Z) (0.00000052)
The pair DREPBTC increases by 5.882352941176472% the last 15 seconds. (2021-02-14T01:37:35.417Z) (0.00000018)
The pair XVGBTC increases by 1.6949152542372836% the last 15 seconds. (2021-02-14T01:37:35.623Z) (0.00000060)
The pair AMBBTC increases by 1.1363636363636243% the last 15 seconds. (2021-02-14T01:37:35.624Z) (0.00000089)
The pair IOSTBTC increases by 1.3698630136986356% the last 15 seconds. (2021-02-14T01:37:35.624Z) (0.00000074)
The pair ONEBTC increases by 1.3698630136986356% the last 15 seconds. (2021-02-14T01:37:35.624Z) (0.00000074)
The pair ANKRBTC increases by 1.9607843137254832% the last 15 seconds. (2021-02-14T01:37:35.625Z) (0.00000052)
The pair DREPBTC increases by 5.882352941176472% the last 15 seconds. (2021-02-14T01:37:35.625Z) (0.00000018)
The pair XVGBTC increases by 1.6949152542372836% the last 15 seconds. (2021-02-14T01:37:35.761Z) (0.00000060)
The pair AMBBTC increases by 1.1363636363636243% the last 15 seconds. (2021-02-14T01:37:35.762Z) (0.00000089)
The pair IOSTBTC increases by 1.3698630136986356% the last 15 seconds. (2021-02-14T01:37:35.762Z) (0.00000074)
The pair ANKRBTC increases by 1.9607843137254832% the last 15 seconds. (2021-02-14T01:37:35.762Z) (0.00000052)
The pair DREPBTC increases by 5.882352941176472% the last 15 seconds. (2021-02-14T01:37:35.762Z) (0.00000018)
The pair XVGBTC increases by 1.6949152542372836% the last 15 seconds. (2021-02-14T01:37:35.960Z) (0.00000060)
The pair AMBBTC increases by 1.1363636363636243% the last 15 seconds. (2021-02-14T01:37:35.961Z) (0.00000089)
The pair IOSTBTC increases by 1.3698630136986356% the last 15 seconds. (2021-02-14T01:37:35.962Z) (0.00000074)
The pair ANKRBTC increases by 1.9607843137254832% the last 15 seconds. (2021-02-14T01:37:35.962Z) (0.00000052)
The pair DREPBTC increases by 5.882352941176472% the last 15 seconds. (2021-02-14T01:37:35.962Z) (0.00000018)
The pair XVGBTC increases by 1.6949152542372836% the last 15 seconds. (2021-02-14T01:37:36.101Z) (0.00000060)
The pair AMBBTC increases by 1.1363636363636243% the last 15 seconds. (2021-02-14T01:37:36.101Z) (0.00000089)
The pair IOSTBTC increases by 1.3698630136986356% the last 15 seconds. (2021-02-14T01:37:36.102Z) (0.00000074)
The pair ANKRBTC increases by 1.9607843137254832% the last 15 seconds. (2021-02-14T01:37:36.102Z) (0.00000052)
The pair DREPBTC increases by 5.882352941176472% the last 15 seconds. (2021-02-14T01:37:36.102Z) (0.00000018)
The pair XVGBTC increases by 1.6949152542372836% the last 15 seconds. (2021-02-14T01:37:36.171Z) (0.00000060)
The pair AMBBTC increases by 1.1363636363636243% the last 15 seconds. (2021-02-14T01:37:36.171Z) (0.00000089)
The pair IOSTBTC increases by 1.3698630136986356% the last 15 seconds. (2021-02-14T01:37:36.172Z) (0.00000074)
The pair ANKRBTC increases by 1.9607843137254832% the last 15 seconds. (2021-02-14T01:37:36.172Z) (0.00000052)
The pair DREPBTC increases by 5.882352941176472% the last 15 seconds. (2021-02-14T01:37:36.172Z) (0.00000018)
The pair XVGBTC increases by 1.6949152542372836% the last 15 seconds. (2021-02-14T01:37:36.359Z) (0.00000060)
The pair AMBBTC increases by 1.1363636363636243% the last 15 seconds. (2021-02-14T01:37:36.359Z) (0.00000089)
The pair IOSTBTC increases by 1.3698630136986356% the last 15 seconds. (2021-02-14T01:37:36.360Z) (0.00000074)
The pair ANKRBTC increases by 1.9607843137254832% the last 15 seconds. (2021-02-14T01:37:36.360Z) (0.00000052)
The pair DREPBTC increases by 5.882352941176472% the last 15 seconds. (2021-02-14T01:37:36.360Z) (0.00000018)
The pair AMBBTC increases by 1.1363636363636243% the last 15 seconds. (2021-02-14T01:37:36.468Z) (0.00000089)
The pair IOSTBTC increases by 1.3698630136986356% the last 15 seconds. (2021-02-14T01:37:36.468Z) (0.00000074)
The pair ANKRBTC increases by 1.9607843137254832% the last 15 seconds. (2021-02-14T01:37:36.469Z) (0.00000052)
The pair DREPBTC increases by 5.882352941176472% the last 15 seconds. (2021-02-14T01:37:36.469Z) (0.00000018)
The pair AMBBTC increases by 1.1363636363636243% the last 15 seconds. (2021-02-14T01:37:36.592Z) (0.00000089)
The pair IOSTBTC increases by 1.3698630136986356% the last 15 seconds. (2021-02-14T01:37:36.593Z) (0.00000074)
The pair ANKRBTC increases by 1.9607843137254832% the last 15 seconds. (2021-02-14T01:37:36.594Z) (0.00000052)
The pair DREPBTC increases by 5.882352941176472% the last 15 seconds. (2021-02-14T01:37:36.594Z) (0.00000018)
The pair AMBBTC increases by 1.1363636363636243% the last 15 seconds. (2021-02-14T01:37:36.824Z) (0.00000089)
The pair IOSTBTC increases by 1.3698630136986356% the last 15 seconds. (2021-02-14T01:37:36.824Z) (0.00000074)
The pair ANKRBTC increases by 1.9607843137254832% the last 15 seconds. (2021-02-14T01:37:36.825Z) (0.00000052)
The pair DREPBTC increases by 5.882352941176472% the last 15 seconds. (2021-02-14T01:37:36.825Z) (0.00000018)
The pair AMBBTC increases by 1.1363636363636243% the last 15 seconds. (2021-02-14T01:37:37.009Z) (0.00000089)
The pair IOSTBTC increases by 1.3698630136986356% the last 15 seconds. (2021-02-14T01:37:37.010Z) (0.00000074)
The pair ANKRBTC increases by 1.9607843137254832% the last 15 seconds. (2021-02-14T01:37:37.010Z) (0.00000052)
The pair DREPBTC increases by 5.882352941176472% the last 15 seconds. (2021-02-14T01:37:37.010Z) (0.00000018)
The pair AMBBTC increases by 1.1363636363636243% the last 15 seconds. (2021-02-14T01:37:37.203Z) (0.00000089)
The pair IOSTBTC increases by 1.3698630136986356% the last 15 seconds. (2021-02-14T01:37:37.203Z) (0.00000074)
The pair ANKRBTC increases by 1.9607843137254832% the last 15 seconds. (2021-02-14T01:37:37.204Z) (0.00000052)
The pair DREPBTC increases by 5.882352941176472% the last 15 seconds. (2021-02-14T01:37:37.204Z) (0.00000018)
The pair AMBBTC increases by 1.1363636363636243% the last 15 seconds. (2021-02-14T01:37:37.407Z) (0.00000089)
The pair IOSTBTC increases by 1.3698630136986356% the last 15 seconds. (2021-02-14T01:37:37.407Z) (0.00000074)
The pair ANKRBTC increases by 1.9607843137254832% the last 15 seconds. (2021-02-14T01:37:37.408Z) (0.00000052)
The pair DREPBTC increases by 5.882352941176472% the last 15 seconds. (2021-02-14T01:37:37.408Z) (0.00000018)
The pair AMBBTC increases by 1.1363636363636243% the last 15 seconds. (2021-02-14T01:37:37.610Z) (0.00000089)
The pair IOSTBTC increases by 1.3698630136986356% the last 15 seconds. (2021-02-14T01:37:37.610Z) (0.00000074)
The pair ANKRBTC increases by 1.9607843137254832% the last 15 seconds. (2021-02-14T01:37:37.611Z) (0.00000052)
The pair DREPBTC increases by 5.882352941176472% the last 15 seconds. (2021-02-14T01:37:37.611Z) (0.00000018)
The pair AMBBTC increases by 1.1363636363636243% the last 15 seconds. (2021-02-14T01:37:37.814Z) (0.00000089)
The pair IOSTBTC increases by 1.3698630136986356% the last 15 seconds. (2021-02-14T01:37:37.814Z) (0.00000074)
The pair ANKRBTC increases by 1.9607843137254832% the last 15 seconds. (2021-02-14T01:37:37.815Z) (0.00000052)
The pair DREPBTC increases by 5.882352941176472% the last 15 seconds. (2021-02-14T01:37:37.815Z) (0.00000018)
The pair AMBBTC increases by 1.1363636363636243% the last 15 seconds. (2021-02-14T01:37:38.017Z) (0.00000089)
The pair IOSTBTC increases by 1.3698630136986356% the last 15 seconds. (2021-02-14T01:37:38.017Z) (0.00000074)
The pair ANKRBTC increases by 1.9607843137254832% the last 15 seconds. (2021-02-14T01:37:38.018Z) (0.00000052)
The pair DREPBTC increases by 5.882352941176472% the last 15 seconds. (2021-02-14T01:37:38.018Z) (0.00000018)
The pair AMBBTC increases by 1.1363636363636243% the last 15 seconds. (2021-02-14T01:37:38.249Z) (0.00000089)
The pair IOSTBTC increases by 1.3698630136986356% the last 15 seconds. (2021-02-14T01:37:38.249Z) (0.00000074)
The pair ANKRBTC increases by 1.9607843137254832% the last 15 seconds. (2021-02-14T01:37:38.250Z) (0.00000052)
The pair DREPBTC increases by 5.882352941176472% the last 15 seconds. (2021-02-14T01:37:38.250Z) (0.00000018)
The pair IOSTBTC increases by 1.3698630136986356% the last 15 seconds. (2021-02-14T01:37:38.898Z) (0.00000074)
The pair ANKRBTC increases by 1.9607843137254832% the last 15 seconds. (2021-02-14T01:37:38.898Z) (0.00000052)
The pair DREPBTC increases by 5.882352941176472% the last 15 seconds. (2021-02-14T01:37:38.899Z) (0.00000018)
The pair IOSTBTC increases by 1.3698630136986356% the last 15 seconds. (2021-02-14T01:37:39.103Z) (0.00000074)
The pair ANKRBTC increases by 1.9607843137254832% the last 15 seconds. (2021-02-14T01:37:39.103Z) (0.00000052)
The pair DREPBTC increases by 5.882352941176472% the last 15 seconds. (2021-02-14T01:37:39.103Z) (0.00000018)
The pair IOSTBTC increases by 1.3698630136986356% the last 15 seconds. (2021-02-14T01:37:39.305Z) (0.00000074)
The pair ANKRBTC increases by 1.9607843137254832% the last 15 seconds. (2021-02-14T01:37:39.305Z) (0.00000052)
The pair DREPBTC increases by 5.882352941176472% the last 15 seconds. (2021-02-14T01:37:39.306Z) (0.00000018)
The pair IOSTBTC increases by 1.3698630136986356% the last 15 seconds. (2021-02-14T01:37:39.496Z) (0.00000074)
The pair ANKRBTC increases by 1.9607843137254832% the last 15 seconds. (2021-02-14T01:37:39.496Z) (0.00000052)
The pair DREPBTC increases by 5.882352941176472% the last 15 seconds. (2021-02-14T01:37:39.497Z) (0.00000018)
The pair IOSTBTC increases by 1.3698630136986356% the last 15 seconds. (2021-02-14T01:37:39.708Z) (0.00000074)
The pair ANKRBTC increases by 1.9607843137254832% the last 15 seconds. (2021-02-14T01:37:39.708Z) (0.00000052)
The pair IOSTBTC increases by 1.3698630136986356% the last 15 seconds. (2021-02-14T01:37:39.874Z) (0.00000074)
The pair ANKRBTC increases by 1.9607843137254832% the last 15 seconds. (2021-02-14T01:37:39.875Z) (0.00000052)
The pair IOSTBTC increases by 1.3698630136986356% the last 15 seconds. (2021-02-14T01:37:40.072Z) (0.00000074)
The pair ANKRBTC increases by 1.9607843137254832% the last 15 seconds. (2021-02-14T01:37:40.072Z) (0.00000052)
The pair IOSTBTC increases by 1.3698630136986356% the last 15 seconds. (2021-02-14T01:37:40.272Z) (0.00000074)
The pair ANKRBTC increases by 1.9607843137254832% the last 15 seconds. (2021-02-14T01:37:40.273Z) (0.00000052)
The pair IOSTBTC increases by 1.3698630136986356% the last 15 seconds. (2021-02-14T01:37:40.478Z) (0.00000074)
The pair ANKRBTC increases by 1.9607843137254832% the last 15 seconds. (2021-02-14T01:37:40.478Z) (0.00000052)
The pair IOSTBTC increases by 1.3698630136986356% the last 15 seconds. (2021-02-14T01:37:40.655Z) (0.00000074)
The pair ANKRBTC increases by 1.9607843137254832% the last 15 seconds. (2021-02-14T01:37:40.655Z) (0.00000052)
The pair IOSTBTC increases by 1.3698630136986356% the last 15 seconds. (2021-02-14T01:37:40.676Z) (0.00000074)
The pair ANKRBTC increases by 1.9607843137254832% the last 15 seconds. (2021-02-14T01:37:40.676Z) (0.00000052)
The pair IOSTBTC increases by 1.3698630136986356% the last 15 seconds. (2021-02-14T01:37:40.884Z) (0.00000074)
The pair ANKRBTC increases by 1.9607843137254832% the last 15 seconds. (2021-02-14T01:37:40.884Z) (0.00000052)
The pair IOSTBTC increases by 1.3698630136986356% the last 15 seconds. (2021-02-14T01:37:41.050Z) (0.00000074)
The pair IOSTBTC increases by 1.3698630136986356% the last 15 seconds. (2021-02-14T01:37:41.250Z) (0.00000074)
The pair IOSTBTC increases by 1.3698630136986356% the last 15 seconds. (2021-02-14T01:37:41.293Z) (0.00000074)
The pair IOSTBTC increases by 1.3698630136986356% the last 15 seconds. (2021-02-14T01:37:41.652Z) (0.00000074)
The pair IOSTBTC increases by 1.3698630136986356% the last 15 seconds. (2021-02-14T01:37:41.856Z) (0.00000074)
The pair IOSTBTC increases by 1.3698630136986356% the last 15 seconds. (2021-02-14T01:37:41.882Z) (0.00000074)
The pair IOSTBTC increases by 1.3698630136986356% the last 15 seconds. (2021-02-14T01:37:42.058Z) (0.00000074)
The pair IOSTBTC increases by 1.3698630136986356% the last 15 seconds. (2021-02-14T01:37:42.472Z) (0.00000074)
The pair IOSTBTC increases by 1.3698630136986356% the last 15 seconds. (2021-02-14T01:37:42.676Z) (0.00000074)
The pair IOSTBTC increases by 1.3698630136986356% the last 15 seconds. (2021-02-14T01:37:42.701Z) (0.00000074)
The pair IOSTBTC increases by 1.3698630136986356% the last 15 seconds. (2021-02-14T01:37:42.867Z) (0.00000074)
The pair STMXBTC increases by 4.347826086956519% the last 15 seconds. (2021-02-14T01:37:42.867Z) (0.00000024)
The pair IOSTBTC increases by 1.3698630136986356% the last 15 seconds. (2021-02-14T01:37:43.090Z) (0.00000074)
The pair STMXBTC increases by 4.347826086956519% the last 15 seconds. (2021-02-14T01:37:43.090Z) (0.00000024)
The pair IOSTBTC increases by 1.3698630136986356% the last 15 seconds. (2021-02-14T01:37:43.277Z) (0.00000074)
The pair STMXBTC increases by 4.347826086956519% the last 15 seconds. (2021-02-14T01:37:43.277Z) (0.00000024)
The pair IOSTBTC increases by 1.3698630136986356% the last 15 seconds. (2021-02-14T01:37:43.473Z) (0.00000074)
The pair STMXBTC increases by 4.347826086956519% the last 15 seconds. (2021-02-14T01:37:43.473Z) (0.00000024)
The pair IOSTBTC increases by 1.3698630136986356% the last 15 seconds. (2021-02-14T01:37:43.671Z) (0.00000074)
The pair STMXBTC increases by 4.347826086956519% the last 15 seconds. (2021-02-14T01:37:43.671Z) (0.00000024)
The pair IOSTBTC increases by 1.3698630136986356% the last 15 seconds. (2021-02-14T01:37:43.885Z) (0.00000074)
The pair STMXBTC increases by 4.347826086956519% the last 15 seconds. (2021-02-14T01:37:43.886Z) (0.00000024)
The pair IOSTBTC increases by 1.3698630136986356% the last 15 seconds. (2021-02-14T01:37:44.096Z) (0.00000074)
The pair STMXBTC increases by 4.347826086956519% the last 15 seconds. (2021-02-14T01:37:44.096Z) (0.00000024)
The pair STMXBTC increases by 4.347826086956519% the last 15 seconds. (2021-02-14T01:37:44.323Z) (0.00000024)
The pair STMXBTC increases by 4.347826086956519% the last 15 seconds. (2021-02-14T01:37:44.614Z) (0.00000024)
The pair STMXBTC increases by 4.347826086956519% the last 15 seconds. (2021-02-14T01:37:44.872Z) (0.00000024)
The pair ONEBTC increases by 1.3698630136986356% the last 15 seconds. (2021-02-14T01:37:45.074Z) (0.00000074)
The pair STMXBTC increases by 4.347826086956519% the last 15 seconds. (2021-02-14T01:37:45.074Z) (0.00000024)
The pair STMXBTC increases by 4.347826086956519% the last 15 seconds. (2021-02-14T01:37:45.306Z) (0.00000024)
The pair STMXBTC increases by 4.347826086956519% the last 15 seconds. (2021-02-14T01:37:45.505Z) (0.00000024)
The pair STMXBTC increases by 4.347826086956519% the last 15 seconds. (2021-02-14T01:37:45.738Z) (0.00000024)
The pair STMXBTC increases by 4.347826086956519% the last 15 seconds. (2021-02-14T01:37:45.973Z) (0.00000024)
The pair STMXBTC increases by 4.347826086956519% the last 15 seconds. (2021-02-14T01:37:46.107Z) (0.00000024)
The pair STMXBTC increases by 4.347826086956519% the last 15 seconds. (2021-02-14T01:37:46.309Z) (0.00000024)
The pair TCTBTC increases by 2.0408163265306145% the last 15 seconds. (2021-02-14T01:37:46.832Z) (0.00000050)
The pair STMXBTC increases by 4.347826086956519% the last 15 seconds. (2021-02-14T01:37:46.832Z) (0.00000024)
The pair TCTBTC increases by 2.0408163265306145% the last 15 seconds. (2021-02-14T01:37:46.921Z) (0.00000050)
The pair STMXBTC increases by 4.347826086956519% the last 15 seconds. (2021-02-14T01:37:46.921Z) (0.00000024)
The pair TCTBTC increases by 2.0408163265306145% the last 15 seconds. (2021-02-14T01:37:47.031Z) (0.00000050)
The pair STMXBTC increases by 4.347826086956519% the last 15 seconds. (2021-02-14T01:37:47.031Z) (0.00000024)
The pair TCTBTC increases by 2.0408163265306145% the last 15 seconds. (2021-02-14T01:37:47.133Z) (0.00000050)
The pair STMXBTC increases by 4.347826086956519% the last 15 seconds. (2021-02-14T01:37:47.134Z) (0.00000024)
The pair TCTBTC increases by 2.0408163265306145% the last 15 seconds. (2021-02-14T01:37:47.244Z) (0.00000050)
The pair STMXBTC increases by 4.347826086956519% the last 15 seconds. (2021-02-14T01:37:47.245Z) (0.00000024)
The pair TCTBTC increases by 2.0408163265306145% the last 15 seconds. (2021-02-14T01:37:47.526Z) (0.00000050)
The pair STMXBTC increases by 4.347826086956519% the last 15 seconds. (2021-02-14T01:37:47.526Z) (0.00000024)
The pair TCTBTC increases by 2.0408163265306145% the last 15 seconds. (2021-02-14T01:37:47.727Z) (0.00000050)
The pair STMXBTC increases by 4.347826086956519% the last 15 seconds. (2021-02-14T01:37:47.727Z) (0.00000024)
The pair TCTBTC increases by 2.0408163265306145% the last 15 seconds. (2021-02-14T01:37:47.911Z) (0.00000050)
The pair STMXBTC increases by 4.347826086956519% the last 15 seconds. (2021-02-14T01:37:47.911Z) (0.00000024)
The pair TCTBTC increases by 2.0408163265306145% the last 15 seconds. (2021-02-14T01:37:48.128Z) (0.00000050)
The pair STMXBTC increases by 4.347826086956519% the last 15 seconds. (2021-02-14T01:37:48.128Z) (0.00000024)
The pair TCTBTC increases by 2.0408163265306145% the last 15 seconds. (2021-02-14T01:37:48.288Z) (0.00000050)
The pair STMXBTC increases by 4.347826086956519% the last 15 seconds. (2021-02-14T01:37:48.288Z) (0.00000024)
The pair TCTBTC increases by 2.0408163265306145% the last 15 seconds. (2021-02-14T01:37:48.491Z) (0.00000050)
The pair STMXBTC increases by 4.347826086956519% the last 15 seconds. (2021-02-14T01:37:48.491Z) (0.00000024)
The pair TCTBTC increases by 2.0408163265306145% the last 15 seconds. (2021-02-14T01:37:48.570Z) (0.00000050)
The pair STMXBTC increases by 4.347826086956519% the last 15 seconds. (2021-02-14T01:37:48.570Z) (0.00000024)
The pair TCTBTC increases by 2.0408163265306145% the last 15 seconds. (2021-02-14T01:37:48.750Z) (0.00000050)
The pair STMXBTC increases by 4.347826086956519% the last 15 seconds. (2021-02-14T01:37:48.750Z) (0.00000024)
The pair TCTBTC increases by 2.0408163265306145% the last 15 seconds. (2021-02-14T01:37:48.947Z) (0.00000050)
The pair STMXBTC increases by 4.347826086956519% the last 15 seconds. (2021-02-14T01:37:48.947Z) (0.00000024)
The pair TCTBTC increases by 2.0408163265306145% the last 15 seconds. (2021-02-14T01:37:49.151Z) (0.00000050)
The pair STMXBTC increases by 4.347826086956519% the last 15 seconds. (2021-02-14T01:37:49.151Z) (0.00000024)
The pair TCTBTC increases by 2.0408163265306145% the last 15 seconds. (2021-02-14T01:37:49.351Z) (0.00000050)
The pair STMXBTC increases by 4.347826086956519% the last 15 seconds. (2021-02-14T01:37:49.351Z) (0.00000024)
The pair TCTBTC increases by 2.0408163265306145% the last 15 seconds. (2021-02-14T01:37:49.573Z) (0.00000050)
The pair STMXBTC increases by 4.347826086956519% the last 15 seconds. (2021-02-14T01:37:49.573Z) (0.00000024)
The pair TCTBTC increases by 2.0408163265306145% the last 15 seconds. (2021-02-14T01:37:49.789Z) (0.00000050)
The pair STMXBTC increases by 4.347826086956519% the last 15 seconds. (2021-02-14T01:37:49.789Z) (0.00000024)
The pair TCTBTC increases by 2.0408163265306145% the last 15 seconds. (2021-02-14T01:37:49.962Z) (0.00000050)
The pair STMXBTC increases by 4.347826086956519% the last 15 seconds. (2021-02-14T01:37:49.962Z) (0.00000024)
The pair TCTBTC increases by 2.0408163265306145% the last 15 seconds. (2021-02-14T01:37:50.169Z) (0.00000050)
The pair STMXBTC increases by 4.347826086956519% the last 15 seconds. (2021-02-14T01:37:50.169Z) (0.00000024)
The pair TCTBTC increases by 2.0408163265306145% the last 15 seconds. (2021-02-14T01:37:50.375Z) (0.00000050)
The pair STMXBTC increases by 4.347826086956519% the last 15 seconds. (2021-02-14T01:37:50.375Z) (0.00000024)
The pair TCTBTC increases by 2.0408163265306145% the last 15 seconds. (2021-02-14T01:37:50.567Z) (0.00000050)
The pair STMXBTC increases by 4.347826086956519% the last 15 seconds. (2021-02-14T01:37:50.567Z) (0.00000024)
The pair ONEBTC increases by 1.3698630136986356% the last 15 seconds. (2021-02-14T01:37:50.773Z) (0.00000074)
The pair TCTBTC increases by 2.0408163265306145% the last 15 seconds. (2021-02-14T01:37:50.773Z) (0.00000050)
The pair STMXBTC increases by 4.347826086956519% the last 15 seconds. (2021-02-14T01:37:50.774Z) (0.00000024)
The pair ONEBTC increases by 1.3698630136986356% the last 15 seconds. (2021-02-14T01:37:51.004Z) (0.00000074)
The pair TCTBTC increases by 2.0408163265306145% the last 15 seconds. (2021-02-14T01:37:51.004Z) (0.00000050)
The pair STMXBTC increases by 4.347826086956519% the last 15 seconds. (2021-02-14T01:37:51.005Z) (0.00000024)
The pair ONEBTC increases by 1.3698630136986356% the last 15 seconds. (2021-02-14T01:37:51.177Z) (0.00000074)
The pair TCTBTC increases by 2.0408163265306145% the last 15 seconds. (2021-02-14T01:37:51.177Z) (0.00000050)
The pair STMXBTC increases by 4.347826086956519% the last 15 seconds. (2021-02-14T01:37:51.178Z) (0.00000024)
The pair ONEBTC increases by 1.3698630136986356% the last 15 seconds. (2021-02-14T01:37:51.386Z) (0.00000074)
The pair TCTBTC increases by 2.0408163265306145% the last 15 seconds. (2021-02-14T01:37:51.387Z) (0.00000050)
The pair STMXBTC increases by 4.347826086956519% the last 15 seconds. (2021-02-14T01:37:51.387Z) (0.00000024)
The pair ONEBTC increases by 1.3698630136986356% the last 15 seconds. (2021-02-14T01:37:51.595Z) (0.00000074)
The pair TCTBTC increases by 2.0408163265306145% the last 15 seconds. (2021-02-14T01:37:51.595Z) (0.00000050)
The pair STMXBTC increases by 4.347826086956519% the last 15 seconds. (2021-02-14T01:37:51.596Z) (0.00000024)
The pair ONEBTC increases by 1.3698630136986356% the last 15 seconds. (2021-02-14T01:37:51.783Z) (0.00000074)
The pair TCTBTC increases by 2.0408163265306145% the last 15 seconds. (2021-02-14T01:37:51.783Z) (0.00000050)
The pair STMXBTC increases by 4.347826086956519% the last 15 seconds. (2021-02-14T01:37:51.784Z) (0.00000024)
The pair ONEBTC increases by 2.7397260273972712% the last 15 seconds. (2021-02-14T01:37:51.989Z) (0.00000075)
The pair TCTBTC increases by 2.0408163265306145% the last 15 seconds. (2021-02-14T01:37:51.990Z) (0.00000050)
The pair STMXBTC increases by 4.347826086956519% the last 15 seconds. (2021-02-14T01:37:51.990Z) (0.00000024)
The pair ONEBTC increases by 2.7397260273972712% the last 15 seconds. (2021-02-14T01:37:52.201Z) (0.00000075)
The pair TCTBTC increases by 2.0408163265306145% the last 15 seconds. (2021-02-14T01:37:52.201Z) (0.00000050)
The pair STMXBTC increases by 4.347826086956519% the last 15 seconds. (2021-02-14T01:37:52.202Z) (0.00000024)
The pair TCTBTC increases by 2.0408163265306145% the last 15 seconds. (2021-02-14T01:37:52.391Z) (0.00000050)
The pair STMXBTC increases by 4.347826086956519% the last 15 seconds. (2021-02-14T01:37:52.392Z) (0.00000024)
The pair TCTBTC increases by 2.0408163265306145% the last 15 seconds. (2021-02-14T01:37:52.594Z) (0.00000050)
The pair STMXBTC increases by 4.347826086956519% the last 15 seconds. (2021-02-14T01:37:52.594Z) (0.00000024)
The pair TCTBTC increases by 2.0408163265306145% the last 15 seconds. (2021-02-14T01:37:52.801Z) (0.00000050)
The pair STMXBTC increases by 4.347826086956519% the last 15 seconds. (2021-02-14T01:37:52.802Z) (0.00000024)
The pair QKCBTC increases by 3.125% the last 15 seconds. (2021-02-14T01:37:53.006Z) (0.00000033)
The pair TCTBTC increases by 2.0408163265306145% the last 15 seconds. (2021-02-14T01:37:53.007Z) (0.00000050)
The pair QKCBTC increases by 3.125% the last 15 seconds. (2021-02-14T01:37:53.211Z) (0.00000033)
The pair TCTBTC increases by 2.0408163265306145% the last 15 seconds. (2021-02-14T01:37:53.211Z) (0.00000050)
The pair ONEBTC increases by 1.3698630136986356% the last 15 seconds. (2021-02-14T01:37:53.413Z) (0.00000074)
The pair TCTBTC increases by 2.0408163265306145% the last 15 seconds. (2021-02-14T01:37:53.413Z) (0.00000050)
The pair ONEBTC increases by 1.3698630136986356% the last 15 seconds. (2021-02-14T01:37:53.620Z) (0.00000074)
The pair TCTBTC increases by 2.0408163265306145% the last 15 seconds. (2021-02-14T01:37:53.620Z) (0.00000050)
The pair ONEBTC increases by 1.3698630136986356% the last 15 seconds. (2021-02-14T01:37:53.824Z) (0.00000074)
The pair TCTBTC increases by 2.0408163265306145% the last 15 seconds. (2021-02-14T01:37:53.824Z) (0.00000050)
The pair ONEBTC increases by 1.3698630136986356% the last 15 seconds. (2021-02-14T01:37:54.029Z) (0.00000074)
The pair TCTBTC increases by 2.0408163265306145% the last 15 seconds. (2021-02-14T01:37:54.029Z) (0.00000050)
The pair ONEBTC increases by 1.3698630136986356% the last 15 seconds. (2021-02-14T01:37:54.226Z) (0.00000074)
The pair TCTBTC increases by 2.0408163265306145% the last 15 seconds. (2021-02-14T01:37:54.227Z) (0.00000050)
The pair ONEBTC increases by 1.3698630136986356% the last 15 seconds. (2021-02-14T01:37:54.429Z) (0.00000074)
The pair TCTBTC increases by 2.0408163265306145% the last 15 seconds. (2021-02-14T01:37:54.429Z) (0.00000050)
The pair YOYOBTC increases by 1.85185185185186% the last 15 seconds. (2021-02-14T01:45:29.493Z) (0.00000055)
The pair YOYOBTC increases by 1.85185185185186% the last 15 seconds. (2021-02-14T01:45:29.765Z) (0.00000055)
The pair YOYOBTC increases by 1.85185185185186% the last 15 seconds. (2021-02-14T01:45:30.042Z) (0.00000055)
The pair YOYOBTC increases by 1.85185185185186% the last 15 seconds. (2021-02-14T01:45:30.331Z) (0.00000055)
The pair YOYOBTC increases by 1.85185185185186% the last 15 seconds. (2021-02-14T01:45:30.577Z) (0.00000055)
The pair YOYOBTC increases by 1.85185185185186% the last 15 seconds. (2021-02-14T01:45:30.988Z) (0.00000055)
The pair YOYOBTC increases by 1.85185185185186% the last 15 seconds. (2021-02-14T01:45:31.019Z) (0.00000055)
The pair YOYOBTC increases by 1.85185185185186% the last 15 seconds. (2021-02-14T01:45:31.236Z) (0.00000055)
The pair YOYOBTC increases by 1.85185185185186% the last 15 seconds. (2021-02-14T01:45:31.428Z) (0.00000055)
The pair SFPBTC increases by 1.0602579961123793% the last 15 seconds. (2021-02-14T01:45:31.428Z) (0.00005719)
The pair YOYOBTC increases by 1.85185185185186% the last 15 seconds. (2021-02-14T01:45:31.819Z) (0.00000055)
The pair YOYOBTC increases by 1.85185185185186% the last 15 seconds. (2021-02-14T01:45:32.002Z) (0.00000055)
The pair YOYOBTC increases by 1.85185185185186% the last 15 seconds. (2021-02-14T01:45:32.222Z) (0.00000055)
The pair YOYOBTC increases by 1.85185185185186% the last 15 seconds. (2021-02-14T01:45:32.441Z) (0.00000055)
The pair YOYOBTC increases by 1.85185185185186% the last 15 seconds. (2021-02-14T01:45:32.663Z) (0.00000055)
The pair YOYOBTC increases by 1.85185185185186% the last 15 seconds. (2021-02-14T01:45:32.761Z) (0.00000055)
The pair YOYOBTC increases by 1.85185185185186% the last 15 seconds. (2021-02-14T01:45:32.911Z) (0.00000055)
The pair YOYOBTC increases by 1.85185185185186% the last 15 seconds. (2021-02-14T01:45:33.115Z) (0.00000055)
The pair YOYOBTC increases by 1.85185185185186% the last 15 seconds. (2021-02-14T01:45:33.317Z) (0.00000055)
The pair YOYOBTC increases by 1.85185185185186% the last 15 seconds. (2021-02-14T01:45:33.416Z) (0.00000055)
The pair YOYOBTC increases by 1.85185185185186% the last 15 seconds. (2021-02-14T01:45:33.573Z) (0.00000055)
The pair YOYOBTC increases by 1.85185185185186% the last 15 seconds. (2021-02-14T01:45:33.712Z) (0.00000055)
The pair YOYOBTC increases by 1.85185185185186% the last 15 seconds. (2021-02-14T01:45:33.768Z) (0.00000055)
The pair YOYOBTC increases by 1.85185185185186% the last 15 seconds. (2021-02-14T01:45:33.951Z) (0.00000055)
The pair YOYOBTC increases by 1.85185185185186% the last 15 seconds. (2021-02-14T01:45:34.147Z) (0.00000055)
The pair YOYOBTC increases by 1.85185185185186% the last 15 seconds. (2021-02-14T01:45:34.350Z) (0.00000055)
The pair YOYOBTC increases by 1.85185185185186% the last 15 seconds. (2021-02-14T01:45:34.547Z) (0.00000055)
The pair IOSTBTC increases by 1.3698630136986356% the last 15 seconds. (2021-02-14T01:45:41.656Z) (0.00000074)
The pair IOSTBTC increases by 1.3698630136986356% the last 15 seconds. (2021-02-14T01:45:41.850Z) (0.00000074)
The pair IOSTBTC increases by 1.3698630136986356% the last 15 seconds. (2021-02-14T01:45:42.061Z) (0.00000074)
The pair IOSTBTC increases by 1.3698630136986356% the last 15 seconds. (2021-02-14T01:45:42.258Z) (0.00000074)
The pair IOSTBTC increases by 1.3698630136986356% the last 15 seconds. (2021-02-14T01:45:42.465Z) (0.00000074)
The pair IOSTBTC increases by 1.3698630136986356% the last 15 seconds. (2021-02-14T01:45:42.664Z) (0.00000074)
The pair IOSTBTC increases by 1.3698630136986356% the last 15 seconds. (2021-02-14T01:45:42.866Z) (0.00000074)
The pair IOSTBTC increases by 1.3698630136986356% the last 15 seconds. (2021-02-14T01:45:43.074Z) (0.00000074)
The pair IOSTBTC increases by 1.3698630136986356% the last 15 seconds. (2021-02-14T01:45:43.270Z) (0.00000074)
The pair IOSTBTC increases by 1.3698630136986356% the last 15 seconds. (2021-02-14T01:45:43.472Z) (0.00000074)
The pair IOSTBTC increases by 1.3698630136986356% the last 15 seconds. (2021-02-14T01:45:43.678Z) (0.00000074)
The pair IOSTBTC increases by 1.3698630136986356% the last 15 seconds. (2021-02-14T01:45:43.884Z) (0.00000074)
The pair IOSTBTC increases by 1.3698630136986356% the last 15 seconds. (2021-02-14T01:45:44.089Z) (0.00000074)
The pair IOSTBTC increases by 1.3698630136986356% the last 15 seconds. (2021-02-14T01:45:44.296Z) (0.00000074)
The pair IOSTBTC increases by 1.3698630136986356% the last 15 seconds. (2021-02-14T01:45:44.491Z) (0.00000074)
The pair IOSTBTC increases by 1.3698630136986356% the last 15 seconds. (2021-02-14T01:45:44.726Z) (0.00000074)
The pair IOSTBTC increases by 1.3698630136986356% the last 15 seconds. (2021-02-14T01:45:44.957Z) (0.00000074)
The pair IOSTBTC increases by 1.3698630136986356% the last 15 seconds. (2021-02-14T01:45:45.231Z) (0.00000074)
The pair IOSTBTC increases by 1.3698630136986356% the last 15 seconds. (2021-02-14T01:45:45.508Z) (0.00000074)
The pair IOSTBTC increases by 1.3698630136986356% the last 15 seconds. (2021-02-14T01:45:45.728Z) (0.00000074)
The pair IOSTBTC increases by 1.3698630136986356% the last 15 seconds. (2021-02-14T01:45:45.968Z) (0.00000074)
The pair IOSTBTC increases by 1.3698630136986356% the last 15 seconds. (2021-02-14T01:45:46.137Z) (0.00000074)
The pair IOSTBTC increases by 1.3698630136986356% the last 15 seconds. (2021-02-14T01:45:46.537Z) (0.00000074)
The pair IOSTBTC increases by 1.3698630136986356% the last 15 seconds. (2021-02-14T01:45:46.757Z) (0.00000074)
The pair IOSTBTC increases by 1.3698630136986356% the last 15 seconds. (2021-02-14T01:45:47.127Z) (0.00000074)
The pair IOSTBTC increases by 1.3698630136986356% the last 15 seconds. (2021-02-14T01:45:47.161Z) (0.00000074)
The pair IOSTBTC increases by 1.3698630136986356% the last 15 seconds. (2021-02-14T01:45:47.345Z) (0.00000074)
The pair IOSTBTC increases by 1.3698630136986356% the last 15 seconds. (2021-02-14T01:45:47.728Z) (0.00000074)
The pair IOSTBTC increases by 1.3698630136986356% the last 15 seconds. (2021-02-14T01:45:47.750Z) (0.00000074)
The pair IOSTBTC increases by 1.3698630136986356% the last 15 seconds. (2021-02-14T01:45:47.981Z) (0.00000074)
The pair IOSTBTC increases by 1.3698630136986356% the last 15 seconds. (2021-02-14T01:45:48.149Z) (0.00000074)
The pair IOSTBTC increases by 1.3698630136986356% the last 15 seconds. (2021-02-14T01:45:48.312Z) (0.00000074)
The pair IOSTBTC increases by 1.3698630136986356% the last 15 seconds. (2021-02-14T01:45:48.646Z) (0.00000074)
The pair IOSTBTC increases by 1.3698630136986356% the last 15 seconds. (2021-02-14T01:45:48.738Z) (0.00000074)
The pair IOSTBTC increases by 1.3698630136986356% the last 15 seconds. (2021-02-14T01:45:48.933Z) (0.00000074)
The pair IOSTBTC increases by 1.3698630136986356% the last 15 seconds. (2021-02-14T01:45:48.952Z) (0.00000074)
The pair IOSTBTC increases by 1.3698630136986356% the last 15 seconds. (2021-02-14T01:45:49.050Z) (0.00000074)
The pair IOSTBTC increases by 1.3698630136986356% the last 15 seconds. (2021-02-14T01:45:49.352Z) (0.00000074)
The pair IOSTBTC increases by 1.3698630136986356% the last 15 seconds. (2021-02-14T01:45:49.588Z) (0.00000074)
The pair IOSTBTC increases by 1.3698630136986356% the last 15 seconds. (2021-02-14T01:45:49.981Z) (0.00000074)
The pair IOSTBTC increases by 1.3698630136986356% the last 15 seconds. (2021-02-14T01:45:50.002Z) (0.00000074)
The pair IOSTBTC increases by 1.3698630136986356% the last 15 seconds. (2021-02-14T01:45:50.188Z) (0.00000074)
The pair IOSTBTC increases by 1.3698630136986356% the last 15 seconds. (2021-02-14T01:45:50.380Z) (0.00000074)
The pair IOSTBTC increases by 1.3698630136986356% the last 15 seconds. (2021-02-14T01:45:50.574Z) (0.00000074)
The pair IOSTBTC increases by 1.3698630136986356% the last 15 seconds. (2021-02-14T01:45:50.607Z) (0.00000074)
The pair IOSTBTC increases by 1.3698630136986356% the last 15 seconds. (2021-02-14T01:45:50.963Z) (0.00000074)
The pair IOSTBTC increases by 1.3698630136986356% the last 15 seconds. (2021-02-14T01:45:51.166Z) (0.00000074)
The pair IOSTBTC increases by 1.3698630136986356% the last 15 seconds. (2021-02-14T01:45:51.192Z) (0.00000074)
The pair IOSTBTC increases by 1.3698630136986356% the last 15 seconds. (2021-02-14T01:45:51.376Z) (0.00000074)
The pair IOSTBTC increases by 1.3698630136986356% the last 15 seconds. (2021-02-14T01:45:51.568Z) (0.00000074)
The pair STMXBTC increases by 4.347826086956519% the last 15 seconds. (2021-02-14T01:45:56.261Z) (0.00000024)
The pair STMXBTC increases by 4.347826086956519% the last 15 seconds. (2021-02-14T01:45:56.464Z) (0.00000024)
The pair STMXBTC increases by 4.347826086956519% the last 15 seconds. (2021-02-14T01:45:56.649Z) (0.00000024)
The pair STMXBTC increases by 4.347826086956519% the last 15 seconds. (2021-02-14T01:45:56.841Z) (0.00000024)
The pair STMXBTC increases by 4.347826086956519% the last 15 seconds. (2021-02-14T01:45:57.039Z) (0.00000024)
The pair STMXBTC increases by 4.347826086956519% the last 15 seconds. (2021-02-14T01:45:57.218Z) (0.00000024)
The pair STMXBTC increases by 4.347826086956519% the last 15 seconds. (2021-02-14T01:45:57.419Z) (0.00000024)
The pair STMXBTC increases by 4.347826086956519% the last 15 seconds. (2021-02-14T01:45:57.612Z) (0.00000024)
The pair STMXBTC increases by 4.347826086956519% the last 15 seconds. (2021-02-14T01:45:57.831Z) (0.00000024)
The pair STMXBTC increases by 4.347826086956519% the last 15 seconds. (2021-02-14T01:45:58.019Z) (0.00000024)
The pair STMXBTC increases by 4.347826086956519% the last 15 seconds. (2021-02-14T01:45:58.181Z) (0.00000024)
The pair STMXBTC increases by 4.347826086956519% the last 15 seconds. (2021-02-14T01:45:58.352Z) (0.00000024)
The pair STMXBTC increases by 4.347826086956519% the last 15 seconds. (2021-02-14T01:45:58.470Z) (0.00000024)
The pair STMXBTC increases by 4.347826086956519% the last 15 seconds. (2021-02-14T01:45:58.695Z) (0.00000024)
The pair STMXBTC increases by 4.347826086956519% the last 15 seconds. (2021-02-14T01:45:58.870Z) (0.00000024)
The pair STMXBTC increases by 4.347826086956519% the last 15 seconds. (2021-02-14T01:45:59.072Z) (0.00000024)
The pair STMXBTC increases by 4.347826086956519% the last 15 seconds. (2021-02-14T01:45:59.267Z) (0.00000024)
The pair STMXBTC increases by 4.347826086956519% the last 15 seconds. (2021-02-14T01:45:59.476Z) (0.00000024)
The pair ONEBTC increases by 1.388888888888884% the last 15 seconds. (2021-02-14T01:45:59.476Z) (0.00000073)
The pair ONEBTC increases by 1.388888888888884% the last 15 seconds. (2021-02-14T01:45:59.689Z) (0.00000073)
The pair STMXBTC increases by 4.347826086956519% the last 15 seconds. (2021-02-14T01:45:59.689Z) (0.00000024)
The pair STMXBTC increases by 4.347826086956519% the last 15 seconds. (2021-02-14T01:45:59.891Z) (0.00000024)
The pair STMXBTC increases by 4.347826086956519% the last 15 seconds. (2021-02-14T01:46:00.107Z) (0.00000024)
The pair STMXBTC increases by 4.347826086956519% the last 15 seconds. (2021-02-14T01:46:00.318Z) (0.00000024)
The pair STMXBTC increases by 4.347826086956519% the last 15 seconds. (2021-02-14T01:46:00.530Z) (0.00000024)
The pair STMXBTC increases by 4.347826086956519% the last 15 seconds. (2021-02-14T01:46:00.702Z) (0.00000024)
The pair STMXBTC increases by 4.347826086956519% the last 15 seconds. (2021-02-14T01:46:00.895Z) (0.00000024)
The pair STMXBTC increases by 4.347826086956519% the last 15 seconds. (2021-02-14T01:46:01.104Z) (0.00000024)
The pair STMXBTC increases by 4.347826086956519% the last 15 seconds. (2021-02-14T01:46:01.311Z) (0.00000024)
The pair STMXBTC increases by 4.347826086956519% the last 15 seconds. (2021-02-14T01:46:01.509Z) (0.00000024)
The pair STMXBTC increases by 4.347826086956519% the last 15 seconds. (2021-02-14T01:46:01.709Z) (0.00000024)
The pair STMXBTC increases by 4.347826086956519% the last 15 seconds. (2021-02-14T01:46:01.924Z) (0.00000024)
The pair STMXBTC increases by 4.347826086956519% the last 15 seconds. (2021-02-14T01:46:02.131Z) (0.00000024)
The pair ONEBTC increases by 1.388888888888884% the last 15 seconds. (2021-02-14T01:46:02.330Z) (0.00000073)
The pair STMXBTC increases by 4.347826086956519% the last 15 seconds. (2021-02-14T01:46:02.330Z) (0.00000024)
The pair ARPABTC increases by 1.0752688172043001% the last 15 seconds. (2021-02-14T01:46:02.546Z) (0.00000094)
The pair STMXBTC increases by 4.347826086956519% the last 15 seconds. (2021-02-14T01:46:02.546Z) (0.00000024)
The pair ARPABTC increases by 1.0752688172043001% the last 15 seconds. (2021-02-14T01:46:02.732Z) (0.00000094)
The pair STMXBTC increases by 4.347826086956519% the last 15 seconds. (2021-02-14T01:46:02.732Z) (0.00000024)
The pair ARPABTC increases by 1.0752688172043001% the last 15 seconds. (2021-02-14T01:46:02.934Z) (0.00000094)
The pair STMXBTC increases by 4.347826086956519% the last 15 seconds. (2021-02-14T01:46:02.934Z) (0.00000024)
The pair ARPABTC increases by 1.0752688172043001% the last 15 seconds. (2021-02-14T01:46:03.140Z) (0.00000094)
The pair STMXBTC increases by 4.347826086956519% the last 15 seconds. (2021-02-14T01:46:03.140Z) (0.00000024)
The pair ARPABTC increases by 1.0752688172043001% the last 15 seconds. (2021-02-14T01:46:03.347Z) (0.00000094)
The pair STMXBTC increases by 4.347826086956519% the last 15 seconds. (2021-02-14T01:46:03.347Z) (0.00000024)
The pair ARPABTC increases by 1.0752688172043001% the last 15 seconds. (2021-02-14T01:46:03.546Z) (0.00000094)
The pair STMXBTC increases by 4.347826086956519% the last 15 seconds. (2021-02-14T01:46:03.546Z) (0.00000024)
The pair ARPABTC increases by 1.0752688172043001% the last 15 seconds. (2021-02-14T01:46:03.754Z) (0.00000094)
The pair STMXBTC increases by 4.347826086956519% the last 15 seconds. (2021-02-14T01:46:03.754Z) (0.00000024)
The pair ARPABTC increases by 1.0752688172043001% the last 15 seconds. (2021-02-14T01:46:03.950Z) (0.00000094)
The pair STMXBTC increases by 4.347826086956519% the last 15 seconds. (2021-02-14T01:46:03.950Z) (0.00000024)
The pair ARPABTC increases by 1.0752688172043001% the last 15 seconds. (2021-02-14T01:46:04.160Z) (0.00000094)
The pair STMXBTC increases by 4.347826086956519% the last 15 seconds. (2021-02-14T01:46:04.160Z) (0.00000024)
The pair ARPABTC increases by 1.0752688172043001% the last 15 seconds. (2021-02-14T01:46:04.361Z) (0.00000094)
The pair STMXBTC increases by 4.347826086956519% the last 15 seconds. (2021-02-14T01:46:04.362Z) (0.00000024)
The pair ARPABTC increases by 1.0752688172043001% the last 15 seconds. (2021-02-14T01:46:04.567Z) (0.00000094)
The pair STMXBTC increases by 4.347826086956519% the last 15 seconds. (2021-02-14T01:46:04.567Z) (0.00000024)
The pair ARPABTC increases by 1.0752688172043001% the last 15 seconds. (2021-02-14T01:46:04.774Z) (0.00000094)
The pair STMXBTC increases by 4.347826086956519% the last 15 seconds. (2021-02-14T01:46:04.774Z) (0.00000024)
The pair ARPABTC increases by 1.0752688172043001% the last 15 seconds. (2021-02-14T01:46:05.221Z) (0.00000094)
The pair STMXBTC increases by 4.347826086956519% the last 15 seconds. (2021-02-14T01:46:05.221Z) (0.00000024)
The pair ARPABTC increases by 1.0752688172043001% the last 15 seconds. (2021-02-14T01:46:05.435Z) (0.00000094)
The pair STMXBTC increases by 4.347826086956519% the last 15 seconds. (2021-02-14T01:46:05.435Z) (0.00000024)
The pair ARPABTC increases by 1.0752688172043001% the last 15 seconds. (2021-02-14T01:46:05.462Z) (0.00000094)
The pair STMXBTC increases by 4.347826086956519% the last 15 seconds. (2021-02-14T01:46:05.462Z) (0.00000024)
The pair DOCKBTC increases by 1.0000000000000009% the last 15 seconds. (2021-02-14T01:46:05.680Z) (0.00000101)
The pair ARPABTC increases by 1.0752688172043001% the last 15 seconds. (2021-02-14T01:46:05.680Z) (0.00000094)
The pair STMXBTC increases by 4.347826086956519% the last 15 seconds. (2021-02-14T01:46:05.680Z) (0.00000024)
The pair DOCKBTC increases by 1.0000000000000009% the last 15 seconds. (2021-02-14T01:46:05.986Z) (0.00000101)
The pair ARPABTC increases by 1.0752688172043001% the last 15 seconds. (2021-02-14T01:46:05.986Z) (0.00000094)
The pair STMXBTC increases by 4.347826086956519% the last 15 seconds. (2021-02-14T01:46:05.986Z) (0.00000024)
